{"meta": {"format": 3, "version": "7.13.2", "timestamp": "2026-02-03T09:44:18.901637", "branch_coverage": false, "show_contexts": false}, "files": {"src/mintd/__init__.py": {"executed_lines": [7, 9, 10, 20], "summary": {"covered_lines": 4, "num_statements": 4, "percent_covered": 100.0, "percent_covered_display": "100", "missing_lines": 0, "excluded_lines": 0, "percent_statements_covered": 100.0, "percent_statements_covered_display": "100"}, "missing_lines": [], "excluded_lines": [], "functions": {"": {"executed_lines": [7, 9, 10, 20], "summary": {"covered_lines": 4, "num_statements": 4, "percent_covered": 100.0, "percent_covered_display": "100", "missing_lines": 0, "excluded_lines": 0, "percent_statements_covered": 100.0, "percent_statements_covered_display": "100"}, "missing_lines": [], "excluded_lines": [], "start_line": 1}}, "classes": {"": {"executed_lines": [7, 9, 10, 20], "summary": {"covered_lines": 4, "num_statements": 4, "percent_covered": 100.0, "percent_covered_display": "100", "missing_lines": 0, "excluded_lines": 0, "percent_statements_covered": 100.0, "percent_statements_covered_display": "100"}, "missing_lines": [], "excluded_lines": [], "start_line": 1}}}, "src/mintd/__main__.py": {"executed_lines": [], "summary": {"covered_lines": 0, "num_statements": 3, "percent_covered": 0.0, "percent_covered_display": "0", "missing_lines": 3, "excluded_lines": 0, "percent_statements_covered": 0.0, "percent_statements_covered_display": "0"}, "missing_lines": [3, 5, 6], "excluded_lines": [], "functions": {"": {"executed_lines": [], "summary": {"covered_lines": 0, "num_statements": 3, "percent_covered": 0.0, "percent_covered_display": "0", "missing_lines": 3, "excluded_lines": 0, "percent_statements_covered": 0.0, "percent_statements_covered_display": "0"}, "missing_lines": [3, 5, 6], "excluded_lines": [], "start_line": 1}}, "classes": {"": {"executed_lines": [], "summary": {"covered_lines": 0, "num_statements": 3, "percent_covered": 0.0, "percent_covered_display": "0", "missing_lines": 3, "excluded_lines": 0, "percent_statements_covered": 0.0, "percent_statements_covered_display": "0"}, "missing_lines": [3, 5, 6], "excluded_lines": [], "start_line": 1}}}, "src/mintd/api.py": {"executed_lines": [3, 4, 5, 7, 8, 9, 10, 13, 14, 16, 17, 18, 19, 20, 23, 64, 65, 68, 69, 71, 72, 74, 76, 77, 79, 80, 81, 84, 85, 88, 89, 114, 115, 118, 119, 120, 121, 124, 127, 129, 140, 141, 142, 143, 144, 145, 146, 147, 148, 151, 152, 159, 161, 164, 168, 171, 174, 178, 179, 185, 189, 190, 193, 202, 204, 207, 208, 209, 211, 213, 214, 222, 223, 226, 232, 234, 236, 237, 238, 239, 240, 241, 242, 243, 246, 254, 255, 262, 265, 272, 274, 275, 276, 278, 279, 280, 283, 284, 287, 292, 293, 294, 300, 309, 310, 313, 316, 317, 319, 321, 324, 325, 326, 327, 333], "summary": {"covered_lines": 115, "num_statements": 143, "percent_covered": 80.41958041958041, "percent_covered_display": "80", "missing_lines": 28, "excluded_lines": 0, "percent_statements_covered": 80.41958041958041, "percent_statements_covered_display": "80"}, "missing_lines": [123, 162, 163, 165, 166, 175, 180, 181, 182, 186, 191, 215, 217, 218, 219, 247, 249, 250, 251, 252, 256, 258, 259, 260, 296, 297, 328, 329], "excluded_lines": [], "functions": {"create_project": {"executed_lines": [64, 65, 68, 69, 71, 72, 74, 76, 77, 79, 80, 81, 84, 85, 88, 89, 114, 115, 118, 119, 120, 121, 124, 127, 129, 140, 141, 142, 143, 144, 145, 146, 147, 148, 151, 152, 159, 161, 164, 168, 171, 174, 178, 179, 185, 189, 190, 193], "summary": {"covered_lines": 48, "num_statements": 59, "percent_covered": 81.35593220338983, "percent_covered_display": "81", "missing_lines": 11, "excluded_lines": 0, "percent_statements_covered": 81.35593220338983, "percent_statements_covered_display": "81"}, "missing_lines": [123, 162, 163, 165, 166, 175, 180, 181, 182, 186, 191], "excluded_lines": [], "start_line": 23}, "_init_git": {"executed_lines": [204, 207, 208, 209, 211, 213, 214, 222, 223], "summary": {"covered_lines": 9, "num_statements": 13, "percent_covered": 69.23076923076923, "percent_covered_display": "69", "missing_lines": 4, "excluded_lines": 0, "percent_statements_covered": 69.23076923076923, "percent_statements_covered_display": "69"}, "missing_lines": [215, 217, 218, 219], "excluded_lines": [], "start_line": 202}, "_init_dvc": {"executed_lines": [232, 234, 236, 237, 238, 239, 240, 241, 242, 243, 246, 254, 255, 262], "summary": {"covered_lines": 14, "num_statements": 23, "percent_covered": 60.869565217391305, "percent_covered_display": "61", "missing_lines": 9, "excluded_lines": 0, "percent_statements_covered": 60.869565217391305, "percent_statements_covered_display": "61"}, "missing_lines": [247, 249, 250, 251, 252, 256, 258, 259, 260], "excluded_lines": [], "start_line": 226}, "_update_metadata_with_dvc_info": {"executed_lines": [272, 274, 275, 276, 278, 279, 280, 283, 284, 287, 292, 293, 294], "summary": {"covered_lines": 13, "num_statements": 15, "percent_covered": 86.66666666666667, "percent_covered_display": "87", "missing_lines": 2, "excluded_lines": 0, "percent_statements_covered": 86.66666666666667, "percent_statements_covered_display": "87"}, "missing_lines": [296, 297], "excluded_lines": [], "start_line": 265}, "_register_project": {"executed_lines": [309, 310, 313, 316, 317, 319, 321, 324, 325, 326, 327, 333], "summary": {"covered_lines": 12, "num_statements": 14, "percent_covered": 85.71428571428571, "percent_covered_display": "86", "missing_lines": 2, "excluded_lines": 0, "percent_statements_covered": 85.71428571428571, "percent_statements_covered_display": "86"}, "missing_lines": [328, 329], "excluded_lines": [], "start_line": 300}, "": {"executed_lines": [3, 4, 5, 7, 8, 9, 10, 13, 14, 16, 17, 18, 19, 20, 23, 202, 226, 265, 300], "summary": {"covered_lines": 19, "num_statements": 19, "percent_covered": 100.0, "percent_covered_display": "100", "missing_lines": 0, "excluded_lines": 0, "percent_statements_covered": 100.0, "percent_statements_covered_display": "100"}, "missing_lines": [], "excluded_lines": [], "start_line": 1}}, "classes": {"ProjectResult": {"executed_lines": [], "summary": {"covered_lines": 0, "num_statements": 0, "percent_covered": 100.0, "percent_covered_display": "100", "missing_lines": 0, "excluded_lines": 0, "percent_statements_covered": 100.0, "percent_statements_covered_display": "100"}, "missing_lines": [], "excluded_lines": [], "start_line": 14}, "": {"executed_lines": [3, 4, 5, 7, 8, 9, 10, 13, 14, 16, 17, 18, 19, 20, 23, 64, 65, 68, 69, 71, 72, 74, 76, 77, 79, 80, 81, 84, 85, 88, 89, 114, 115, 118, 119, 120, 121, 124, 127, 129, 140, 141, 142, 143, 144, 145, 146, 147, 148, 151, 152, 159, 161, 164, 168, 171, 174, 178, 179, 185, 189, 190, 193, 202, 204, 207, 208, 209, 211, 213, 214, 222, 223, 226, 232, 234, 236, 237, 238, 239, 240, 241, 242, 243, 246, 254, 255, 262, 265, 272, 274, 275, 276, 278, 279, 280, 283, 284, 287, 292, 293, 294, 300, 309, 310, 313, 316, 317, 319, 321, 324, 325, 326, 327, 333], "summary": {"covered_lines": 115, "num_statements": 143, "percent_covered": 80.41958041958041, "percent_covered_display": "80", "missing_lines": 28, "excluded_lines": 0, "percent_statements_covered": 80.41958041958041, "percent_statements_covered_display": "80"}, "missing_lines": [123, 162, 163, 165, 166, 175, 180, 181, 182, 186, 191, 215, 217, 218, 219, 247, 249, 250, 251, 252, 256, 258, 259, 260, 296, 297, 328, 329], "excluded_lines": [], "start_line": 1}}}, "src/mintd/cli.py": {"executed_lines": [3, 4, 5, 6, 8, 11, 12, 13, 15, 18, 19, 21, 24, 25, 26, 27, 28, 29, 30, 31, 32, 33, 34, 35, 36, 37, 38, 39, 40, 102, 103, 104, 105, 106, 107, 108, 109, 110, 111, 112, 113, 142, 143, 144, 145, 146, 147, 148, 149, 150, 151, 152, 153, 182, 183, 184, 185, 186, 187, 256, 257, 258, 259, 260, 261, 262, 263, 264, 265, 291, 292, 297, 298, 332, 333, 337, 338, 340, 342, 343, 414, 415, 417, 418, 528, 529, 531, 644, 645, 649, 650, 654, 655, 686, 687, 689, 739, 740, 741, 772, 773, 774, 775, 776, 777, 784, 785, 822, 823, 825, 827, 862, 863, 865, 868, 869, 870, 871, 872, 873, 897, 898, 899, 900, 901, 902, 903, 905, 945, 946, 947, 949, 963, 964, 969, 970, 971, 973, 974, 1032, 1033, 1034, 1035, 1037, 1050, 1051, 1052, 1054, 1055, 1068, 1069, 1070, 1071, 1081, 1082, 1083, 1085, 1098, 1099, 1100, 1102, 1144, 1145, 1146, 1147, 1149, 1161, 1162, 1166, 1167, 1169, 1170, 1172, 1192, 1193, 1194, 1196, 1224, 1225, 1227, 1228, 1230, 1276, 1278, 1279, 1280, 1282, 1337, 1340], "summary": {"covered_lines": 189, "num_statements": 826, "percent_covered": 22.88135593220339, "percent_covered_display": "23", "missing_lines": 637, "excluded_lines": 0, "percent_statements_covered": 22.88135593220339, "percent_statements_covered_display": "23"}, "missing_lines": [42, 45, 46, 49, 50, 51, 52, 53, 54, 55, 58, 59, 60, 66, 67, 70, 71, 73, 74, 75, 92, 93, 95, 96, 97, 98, 99, 115, 117, 118, 119, 132, 133, 135, 136, 137, 138, 139, 155, 157, 158, 159, 172, 173, 175, 176, 177, 178, 179, 189, 190, 193, 195, 196, 199, 201, 203, 206, 207, 208, 209, 211, 217, 218, 219, 220, 223, 224, 225, 227, 229, 230, 231, 243, 244, 245, 246, 247, 248, 249, 250, 251, 252, 253, 254, 267, 269, 270, 271, 281, 282, 284, 285, 286, 287, 288, 294, 300, 301, 303, 304, 305, 306, 307, 310, 311, 312, 313, 316, 317, 319, 321, 322, 324, 326, 328, 329, 345, 347, 348, 351, 352, 353, 356, 357, 358, 359, 360, 361, 364, 365, 368, 369, 376, 377, 383, 384, 386, 387, 388, 390, 391, 392, 393, 394, 395, 396, 399, 400, 402, 403, 404, 406, 407, 408, 409, 411, 420, 421, 422, 424, 427, 428, 429, 430, 432, 433, 434, 435, 436, 437, 439, 440, 441, 442, 445, 446, 447, 449, 450, 451, 452, 453, 454, 456, 457, 460, 461, 463, 464, 465, 466, 467, 468, 470, 471, 472, 475, 476, 478, 481, 482, 485, 488, 489, 490, 492, 495, 496, 497, 498, 502, 503, 508, 509, 513, 514, 515, 517, 518, 519, 521, 522, 523, 524, 525, 533, 535, 536, 537, 540, 541, 542, 543, 545, 546, 549, 550, 551, 554, 555, 558, 564, 565, 567, 570, 572, 573, 574, 575, 576, 577, 578, 579, 581, 582, 585, 586, 589, 590, 591, 592, 594, 595, 596, 599, 610, 613, 614, 616, 617, 618, 626, 628, 629, 631, 633, 634, 635, 637, 639, 640, 641, 657, 659, 661, 662, 664, 665, 666, 667, 668, 669, 670, 672, 673, 674, 675, 676, 677, 679, 680, 681, 682, 683, 691, 693, 694, 695, 698, 701, 702, 704, 705, 706, 708, 709, 710, 711, 712, 713, 714, 715, 716, 717, 720, 721, 722, 723, 724, 725, 727, 730, 731, 732, 733, 734, 735, 736, 743, 744, 745, 747, 748, 750, 751, 752, 753, 754, 755, 756, 757, 758, 760, 761, 763, 764, 765, 766, 767, 769, 779, 780, 781, 787, 789, 791, 792, 793, 795, 797, 798, 800, 801, 802, 804, 805, 806, 807, 809, 810, 811, 813, 814, 815, 817, 818, 819, 829, 831, 832, 833, 836, 837, 838, 839, 840, 842, 843, 845, 846, 848, 849, 851, 852, 853, 854, 855, 859, 875, 877, 878, 879, 880, 882, 889, 890, 892, 893, 894, 907, 908, 910, 912, 913, 914, 915, 918, 927, 929, 930, 931, 932, 933, 934, 935, 937, 938, 940, 941, 942, 951, 952, 954, 956, 957, 958, 959, 960, 966, 979, 980, 982, 983, 985, 986, 987, 990, 991, 994, 995, 997, 998, 999, 1000, 1002, 1004, 1006, 1013, 1014, 1016, 1019, 1020, 1021, 1022, 1023, 1024, 1025, 1026, 1027, 1029, 1039, 1041, 1043, 1044, 1045, 1046, 1047, 1057, 1059, 1061, 1062, 1063, 1064, 1065, 1073, 1074, 1075, 1076, 1077, 1078, 1087, 1088, 1089, 1090, 1091, 1092, 1093, 1094, 1095, 1104, 1105, 1107, 1108, 1110, 1111, 1112, 1115, 1116, 1119, 1120, 1122, 1123, 1124, 1126, 1127, 1129, 1130, 1131, 1132, 1133, 1135, 1136, 1137, 1138, 1139, 1140, 1141, 1151, 1152, 1154, 1155, 1156, 1157, 1158, 1174, 1176, 1177, 1178, 1180, 1181, 1183, 1184, 1185, 1187, 1188, 1189, 1198, 1200, 1201, 1202, 1204, 1206, 1207, 1208, 1210, 1212, 1213, 1214, 1216, 1217, 1219, 1220, 1221, 1232, 1234, 1235, 1236, 1238, 1240, 1241, 1242, 1244, 1246, 1247, 1249, 1250, 1251, 1252, 1254, 1255, 1256, 1257, 1258, 1259, 1261, 1263, 1264, 1265, 1266, 1267, 1268, 1270, 1271, 1272, 1283, 1286, 1287, 1290, 1291, 1292, 1293, 1294, 1295, 1296, 1297, 1298, 1299, 1300, 1301, 1302, 1303, 1304, 1305, 1306, 1319, 1320, 1322, 1323, 1324, 1325, 1326, 1327, 1330, 1332, 1334, 1341], "excluded_lines": [], "functions": {"main": {"executed_lines": [15], "summary": {"covered_lines": 1, "num_statements": 1, "percent_covered": 100.0, "percent_covered_display": "100", "missing_lines": 0, "excluded_lines": 0, "percent_statements_covered": 100.0, "percent_statements_covered_display": "100"}, "missing_lines": [], "excluded_lines": [], "start_line": 13}, "create": {"executed_lines": [], "summary": {"covered_lines": 0, "num_statements": 12, "percent_covered": 0.0, "percent_covered_display": "0", "missing_lines": 12, "excluded_lines": 0, "percent_statements_covered": 0.0, "percent_statements_covered_display": "0"}, "missing_lines": [1174, 1176, 1177, 1178, 1180, 1181, 1183, 1184, 1185, 1187, 1188, 1189], "excluded_lines": [], "start_line": 1172}, "create_data": {"executed_lines": [], "summary": {"covered_lines": 0, "num_statements": 27, "percent_covered": 0.0, "percent_covered_display": "0", "missing_lines": 27, "excluded_lines": 0, "percent_statements_covered": 0.0, "percent_statements_covered_display": "0"}, "missing_lines": [42, 45, 46, 49, 50, 51, 52, 53, 54, 55, 58, 59, 60, 66, 67, 70, 71, 73, 74, 75, 92, 93, 95, 96, 97, 98, 99], "excluded_lines": [], "start_line": 40}, "project": {"executed_lines": [], "summary": {"covered_lines": 0, "num_statements": 11, "percent_covered": 0.0, "percent_covered_display": "0", "missing_lines": 11, "excluded_lines": 0, "percent_statements_covered": 0.0, "percent_statements_covered_display": "0"}, "missing_lines": [115, 117, 118, 119, 132, 133, 135, 136, 137, 138, 139], "excluded_lines": [], "start_line": 113}, "infra": {"executed_lines": [], "summary": {"covered_lines": 0, "num_statements": 11, "percent_covered": 0.0, "percent_covered_display": "0", "missing_lines": 11, "excluded_lines": 0, "percent_statements_covered": 0.0, "percent_statements_covered_display": "0"}, "missing_lines": [155, 157, 158, 159, 172, 173, 175, 176, 177, 178, 179], "excluded_lines": [], "start_line": 153}, "create_enclave": {"executed_lines": [], "summary": {"covered_lines": 0, "num_statements": 36, "percent_covered": 0.0, "percent_covered_display": "0", "missing_lines": 36, "excluded_lines": 0, "percent_statements_covered": 0.0, "percent_statements_covered_display": "0"}, "missing_lines": [189, 190, 193, 195, 196, 199, 201, 203, 206, 207, 208, 209, 211, 217, 218, 219, 220, 223, 224, 225, 227, 229, 230, 231, 243, 244, 245, 246, 247, 248, 249, 250, 251, 252, 253, 254], "excluded_lines": [], "start_line": 187}, "custom": {"executed_lines": [], "summary": {"covered_lines": 0, "num_statements": 11, "percent_covered": 0.0, "percent_covered_display": "0", "missing_lines": 11, "excluded_lines": 0, "percent_statements_covered": 0.0, "percent_statements_covered_display": "0"}, "missing_lines": [267, 269, 270, 271, 281, 282, 284, 285, 286, 287, 288], "excluded_lines": [], "start_line": 265}, "templates": {"executed_lines": [], "summary": {"covered_lines": 0, "num_statements": 1, "percent_covered": 0.0, "percent_covered_display": "0", "missing_lines": 1, "excluded_lines": 0, "percent_statements_covered": 0.0, "percent_statements_covered_display": "0"}, "missing_lines": [294], "excluded_lines": [], "start_line": 292}, "list_templates": {"executed_lines": [], "summary": {"covered_lines": 0, "num_statements": 20, "percent_covered": 0.0, "percent_covered_display": "0", "missing_lines": 20, "excluded_lines": 0, "percent_statements_covered": 0.0, "percent_statements_covered_display": "0"}, "missing_lines": [300, 301, 303, 304, 305, 306, 307, 310, 311, 312, 313, 316, 317, 319, 321, 322, 324, 326, 328, 329], "excluded_lines": [], "start_line": 298}, "update": {"executed_lines": [], "summary": {"covered_lines": 0, "num_statements": 3, "percent_covered": 0.0, "percent_covered_display": "0", "missing_lines": 3, "excluded_lines": 0, "percent_statements_covered": 0.0, "percent_statements_covered_display": "0"}, "missing_lines": [779, 780, 781], "excluded_lines": [], "start_line": 777}, "metadata": {"executed_lines": [], "summary": {"covered_lines": 0, "num_statements": 40, "percent_covered": 0.0, "percent_covered_display": "0", "missing_lines": 40, "excluded_lines": 0, "percent_statements_covered": 0.0, "percent_statements_covered_display": "0"}, "missing_lines": [345, 347, 348, 351, 352, 353, 356, 357, 358, 359, 360, 361, 364, 365, 368, 369, 376, 377, 383, 384, 386, 387, 388, 390, 391, 392, 393, 394, 395, 396, 399, 400, 402, 403, 404, 406, 407, 408, 409, 411], "excluded_lines": [], "start_line": 343}, "storage": {"executed_lines": [], "summary": {"covered_lines": 0, "num_statements": 69, "percent_covered": 0.0, "percent_covered_display": "0", "missing_lines": 69, "excluded_lines": 0, "percent_statements_covered": 0.0, "percent_statements_covered_display": "0"}, "missing_lines": [420, 421, 422, 424, 427, 428, 429, 430, 432, 433, 434, 435, 436, 437, 439, 440, 441, 442, 445, 446, 447, 449, 450, 451, 452, 453, 454, 456, 457, 460, 461, 463, 464, 465, 466, 467, 468, 470, 471, 472, 475, 476, 478, 481, 482, 485, 488, 489, 490, 492, 495, 496, 497, 498, 502, 503, 508, 509, 513, 514, 515, 517, 518, 519, 521, 522, 523, 524, 525], "excluded_lines": [], "start_line": 418}, "utils": {"executed_lines": [], "summary": {"covered_lines": 0, "num_statements": 57, "percent_covered": 0.0, "percent_covered_display": "0", "missing_lines": 57, "excluded_lines": 0, "percent_statements_covered": 0.0, "percent_statements_covered_display": "0"}, "missing_lines": [533, 535, 536, 537, 540, 541, 542, 543, 545, 546, 549, 550, 551, 554, 555, 558, 564, 565, 567, 570, 572, 573, 574, 575, 576, 577, 578, 579, 581, 582, 585, 586, 589, 590, 591, 592, 594, 595, 596, 599, 610, 613, 614, 616, 617, 618, 626, 628, 629, 631, 633, 634, 635, 637, 639, 640, 641], "excluded_lines": [], "start_line": 531}, "config": {"executed_lines": [], "summary": {"covered_lines": 0, "num_statements": 0, "percent_covered": 100.0, "percent_covered_display": "100", "missing_lines": 0, "excluded_lines": 0, "percent_statements_covered": 100.0, "percent_statements_covered_display": "100"}, "missing_lines": [], "excluded_lines": [], "start_line": 645}, "registry": {"executed_lines": [], "summary": {"covered_lines": 0, "num_statements": 0, "percent_covered": 100.0, "percent_covered_display": "100", "missing_lines": 0, "excluded_lines": 0, "percent_statements_covered": 100.0, "percent_statements_covered_display": "100"}, "missing_lines": [], "excluded_lines": [], "start_line": 650}, "show": {"executed_lines": [], "summary": {"covered_lines": 0, "num_statements": 22, "percent_covered": 0.0, "percent_covered_display": "0", "missing_lines": 22, "excluded_lines": 0, "percent_statements_covered": 0.0, "percent_statements_covered_display": "0"}, "missing_lines": [657, 659, 661, 662, 664, 665, 666, 667, 668, 669, 670, 672, 673, 674, 675, 676, 677, 679, 680, 681, 682, 683], "excluded_lines": [], "start_line": 655}, "register": {"executed_lines": [], "summary": {"covered_lines": 0, "num_statements": 34, "percent_covered": 0.0, "percent_covered_display": "0", "missing_lines": 34, "excluded_lines": 0, "percent_statements_covered": 0.0, "percent_statements_covered_display": "0"}, "missing_lines": [691, 693, 694, 695, 698, 701, 702, 704, 705, 706, 708, 709, 710, 711, 712, 713, 714, 715, 716, 717, 720, 721, 722, 723, 724, 725, 727, 730, 731, 732, 733, 734, 735, 736], "excluded_lines": [], "start_line": 689}, "registry_status": {"executed_lines": [], "summary": {"covered_lines": 0, "num_statements": 22, "percent_covered": 0.0, "percent_covered_display": "0", "missing_lines": 22, "excluded_lines": 0, "percent_statements_covered": 0.0, "percent_statements_covered_display": "0"}, "missing_lines": [743, 744, 745, 747, 748, 750, 751, 752, 753, 754, 755, 756, 757, 758, 760, 761, 763, 764, 765, 766, 767, 769], "excluded_lines": [], "start_line": 741}, "sync": {"executed_lines": [], "summary": {"covered_lines": 0, "num_statements": 24, "percent_covered": 0.0, "percent_covered_display": "0", "missing_lines": 24, "excluded_lines": 0, "percent_statements_covered": 0.0, "percent_statements_covered_display": "0"}, "missing_lines": [787, 789, 791, 792, 793, 795, 797, 798, 800, 801, 802, 804, 805, 806, 807, 809, 810, 811, 813, 814, 815, 817, 818, 819], "excluded_lines": [], "start_line": 785}, "setup": {"executed_lines": [], "summary": {"covered_lines": 0, "num_statements": 21, "percent_covered": 0.0, "percent_covered_display": "0", "missing_lines": 21, "excluded_lines": 0, "percent_statements_covered": 0.0, "percent_statements_covered_display": "0"}, "missing_lines": [829, 831, 832, 833, 836, 837, 838, 839, 840, 842, 843, 845, 846, 848, 849, 851, 852, 853, 854, 855, 859], "excluded_lines": [], "start_line": 827}, "data": {"executed_lines": [865], "summary": {"covered_lines": 1, "num_statements": 1, "percent_covered": 100.0, "percent_covered_display": "100", "missing_lines": 0, "excluded_lines": 0, "percent_statements_covered": 100.0, "percent_statements_covered_display": "100"}, "missing_lines": [], "excluded_lines": [], "start_line": 863}, "data_pull": {"executed_lines": [], "summary": {"covered_lines": 0, "num_statements": 11, "percent_covered": 0.0, "percent_covered_display": "0", "missing_lines": 11, "excluded_lines": 0, "percent_statements_covered": 0.0, "percent_statements_covered_display": "0"}, "missing_lines": [875, 877, 878, 879, 880, 882, 889, 890, 892, 893, 894], "excluded_lines": [], "start_line": 873}, "import_": {"executed_lines": [], "summary": {"covered_lines": 0, "num_statements": 21, "percent_covered": 0.0, "percent_covered_display": "0", "missing_lines": 21, "excluded_lines": 0, "percent_statements_covered": 0.0, "percent_statements_covered_display": "0"}, "missing_lines": [907, 908, 910, 912, 913, 914, 915, 918, 927, 929, 930, 931, 932, 933, 934, 935, 937, 938, 940, 941, 942], "excluded_lines": [], "start_line": 905}, "data_list": {"executed_lines": [], "summary": {"covered_lines": 0, "num_statements": 8, "percent_covered": 0.0, "percent_covered_display": "0", "missing_lines": 8, "excluded_lines": 0, "percent_statements_covered": 0.0, "percent_statements_covered_display": "0"}, "missing_lines": [951, 952, 954, 956, 957, 958, 959, 960], "excluded_lines": [], "start_line": 949}, "enclave": {"executed_lines": [], "summary": {"covered_lines": 0, "num_statements": 1, "percent_covered": 0.0, "percent_covered_display": "0", "missing_lines": 1, "excluded_lines": 0, "percent_statements_covered": 0.0, "percent_statements_covered_display": "0"}, "missing_lines": [966], "excluded_lines": [], "start_line": 964}, "add": {"executed_lines": [], "summary": {"covered_lines": 0, "num_statements": 31, "percent_covered": 0.0, "percent_covered_display": "0", "missing_lines": 31, "excluded_lines": 0, "percent_statements_covered": 0.0, "percent_statements_covered_display": "0"}, "missing_lines": [979, 980, 982, 983, 985, 986, 987, 990, 991, 994, 995, 997, 998, 999, 1000, 1002, 1004, 1006, 1013, 1014, 1016, 1019, 1020, 1021, 1022, 1023, 1024, 1025, 1026, 1027, 1029], "excluded_lines": [], "start_line": 974}, "enclave_pull": {"executed_lines": [], "summary": {"covered_lines": 0, "num_statements": 7, "percent_covered": 0.0, "percent_covered_display": "0", "missing_lines": 7, "excluded_lines": 0, "percent_statements_covered": 0.0, "percent_statements_covered_display": "0"}, "missing_lines": [1039, 1041, 1043, 1044, 1045, 1046, 1047], "excluded_lines": [], "start_line": 1037}, "package": {"executed_lines": [], "summary": {"covered_lines": 0, "num_statements": 7, "percent_covered": 0.0, "percent_covered_display": "0", "missing_lines": 7, "excluded_lines": 0, "percent_statements_covered": 0.0, "percent_statements_covered_display": "0"}, "missing_lines": [1057, 1059, 1061, 1062, 1063, 1064, 1065], "excluded_lines": [], "start_line": 1055}, "unpack": {"executed_lines": [], "summary": {"covered_lines": 0, "num_statements": 6, "percent_covered": 0.0, "percent_covered_display": "0", "missing_lines": 6, "excluded_lines": 0, "percent_statements_covered": 0.0, "percent_statements_covered_display": "0"}, "missing_lines": [1073, 1074, 1075, 1076, 1077, 1078], "excluded_lines": [], "start_line": 1071}, "verify": {"executed_lines": [], "summary": {"covered_lines": 0, "num_statements": 9, "percent_covered": 0.0, "percent_covered_display": "0", "missing_lines": 9, "excluded_lines": 0, "percent_statements_covered": 0.0, "percent_statements_covered_display": "0"}, "missing_lines": [1087, 1088, 1089, 1090, 1091, 1092, 1093, 1094, 1095], "excluded_lines": [], "start_line": 1085}, "enclave_list": {"executed_lines": [], "summary": {"covered_lines": 0, "num_statements": 28, "percent_covered": 0.0, "percent_covered_display": "0", "missing_lines": 28, "excluded_lines": 0, "percent_statements_covered": 0.0, "percent_statements_covered_display": "0"}, "missing_lines": [1104, 1105, 1107, 1108, 1110, 1111, 1112, 1115, 1116, 1119, 1120, 1122, 1123, 1124, 1126, 1127, 1129, 1130, 1131, 1132, 1133, 1135, 1136, 1137, 1138, 1139, 1140, 1141], "excluded_lines": [], "start_line": 1102}, "clean": {"executed_lines": [], "summary": {"covered_lines": 0, "num_statements": 7, "percent_covered": 0.0, "percent_covered_display": "0", "missing_lines": 7, "excluded_lines": 0, "percent_statements_covered": 0.0, "percent_statements_covered_display": "0"}, "missing_lines": [1151, 1152, 1154, 1155, 1156, 1157, 1158], "excluded_lines": [], "start_line": 1149}, "manifest": {"executed_lines": [], "summary": {"covered_lines": 0, "num_statements": 0, "percent_covered": 100.0, "percent_covered_display": "100", "missing_lines": 0, "excluded_lines": 0, "percent_statements_covered": 100.0, "percent_statements_covered_display": "100"}, "missing_lines": [], "excluded_lines": [], "start_line": 1162}, "check": {"executed_lines": [], "summary": {"covered_lines": 0, "num_statements": 17, "percent_covered": 0.0, "percent_covered_display": "0", "missing_lines": 17, "excluded_lines": 0, "percent_statements_covered": 0.0, "percent_statements_covered_display": "0"}, "missing_lines": [1198, 1200, 1201, 1202, 1204, 1206, 1207, 1208, 1210, 1212, 1213, 1214, 1216, 1217, 1219, 1220, 1221], "excluded_lines": [], "start_line": 1196}, "manifest_status": {"executed_lines": [], "summary": {"covered_lines": 0, "num_statements": 31, "percent_covered": 0.0, "percent_covered_display": "0", "missing_lines": 31, "excluded_lines": 0, "percent_statements_covered": 0.0, "percent_statements_covered_display": "0"}, "missing_lines": [1232, 1234, 1235, 1236, 1238, 1240, 1241, 1242, 1244, 1246, 1247, 1249, 1250, 1251, 1252, 1254, 1255, 1256, 1257, 1258, 1259, 1261, 1263, 1264, 1265, 1266, 1267, 1268, 1270, 1271, 1272], "excluded_lines": [], "start_line": 1230}, "register_custom_commands": {"executed_lines": [1278, 1279, 1280, 1282], "summary": {"covered_lines": 4, "num_statements": 22, "percent_covered": 18.181818181818183, "percent_covered_display": "18", "missing_lines": 18, "excluded_lines": 0, "percent_statements_covered": 18.181818181818183, "percent_statements_covered_display": "18"}, "missing_lines": [1283, 1286, 1287, 1290, 1291, 1292, 1293, 1294, 1295, 1296, 1297, 1298, 1299, 1300, 1301, 1330, 1332, 1334], "excluded_lines": [], "start_line": 1276}, "register_custom_commands.create_command_func": {"executed_lines": [], "summary": {"covered_lines": 0, "num_statements": 2, "percent_covered": 0.0, "percent_covered_display": "0", "missing_lines": 2, "excluded_lines": 0, "percent_statements_covered": 0.0, "percent_statements_covered_display": "0"}, "missing_lines": [1302, 1327], "excluded_lines": [], "start_line": 1290}, "register_custom_commands.create_command_func.custom_cmd": {"executed_lines": [], "summary": {"covered_lines": 0, "num_statements": 11, "percent_covered": 0.0, "percent_covered_display": "0", "missing_lines": 11, "excluded_lines": 0, "percent_statements_covered": 0.0, "percent_statements_covered_display": "0"}, "missing_lines": [1303, 1304, 1305, 1306, 1319, 1320, 1322, 1323, 1324, 1325, 1326], "excluded_lines": [], "start_line": 1302}, "": {"executed_lines": [3, 4, 5, 6, 8, 11, 12, 13, 18, 19, 24, 25, 26, 27, 28, 29, 30, 31, 32, 33, 34, 35, 36, 37, 38, 39, 40, 102, 103, 104, 105, 106, 107, 108, 109, 110, 111, 112, 113, 142, 143, 144, 145, 146, 147, 148, 149, 150, 151, 152, 153, 182, 183, 184, 185, 186, 187, 256, 257, 258, 259, 260, 261, 262, 263, 264, 265, 291, 292, 297, 298, 332, 333, 337, 338, 340, 342, 343, 414, 415, 417, 418, 528, 529, 531, 644, 645, 649, 650, 654, 655, 686, 687, 689, 739, 740, 741, 772, 773, 774, 775, 776, 777, 784, 785, 822, 823, 825, 827, 862, 863, 868, 869, 870, 871, 872, 873, 897, 898, 899, 900, 901, 902, 903, 905, 945, 946, 947, 949, 963, 964, 969, 970, 971, 973, 974, 1032, 1033, 1034, 1035, 1037, 1050, 1051, 1052, 1054, 1055, 1068, 1069, 1070, 1071, 1081, 1082, 1083, 1085, 1098, 1099, 1100, 1102, 1144, 1145, 1146, 1147, 1149, 1161, 1162, 1166, 1167, 1169, 1170, 1172, 1192, 1193, 1194, 1196, 1224, 1225, 1227, 1228, 1230, 1276, 1337, 1340], "summary": {"covered_lines": 182, "num_statements": 183, "percent_covered": 99.4535519125683, "percent_covered_display": "99", "missing_lines": 1, "excluded_lines": 0, "percent_statements_covered": 99.4535519125683, "percent_statements_covered_display": "99"}, "missing_lines": [1341], "excluded_lines": [], "start_line": 1}}, "classes": {"": {"executed_lines": [3, 4, 5, 6, 8, 11, 12, 13, 15, 18, 19, 21, 24, 25, 26, 27, 28, 29, 30, 31, 32, 33, 34, 35, 36, 37, 38, 39, 40, 102, 103, 104, 105, 106, 107, 108, 109, 110, 111, 112, 113, 142, 143, 144, 145, 146, 147, 148, 149, 150, 151, 152, 153, 182, 183, 184, 185, 186, 187, 256, 257, 258, 259, 260, 261, 262, 263, 264, 265, 291, 292, 297, 298, 332, 333, 337, 338, 340, 342, 343, 414, 415, 417, 418, 528, 529, 531, 644, 645, 649, 650, 654, 655, 686, 687, 689, 739, 740, 741, 772, 773, 774, 775, 776, 777, 784, 785, 822, 823, 825, 827, 862, 863, 865, 868, 869, 870, 871, 872, 873, 897, 898, 899, 900, 901, 902, 903, 905, 945, 946, 947, 949, 963, 964, 969, 970, 971, 973, 974, 1032, 1033, 1034, 1035, 1037, 1050, 1051, 1052, 1054, 1055, 1068, 1069, 1070, 1071, 1081, 1082, 1083, 1085, 1098, 1099, 1100, 1102, 1144, 1145, 1146, 1147, 1149, 1161, 1162, 1166, 1167, 1169, 1170, 1172, 1192, 1193, 1194, 1196, 1224, 1225, 1227, 1228, 1230, 1276, 1278, 1279, 1280, 1282, 1337, 1340], "summary": {"covered_lines": 189, "num_statements": 826, "percent_covered": 22.88135593220339, "percent_covered_display": "23", "missing_lines": 637, "excluded_lines": 0, "percent_statements_covered": 22.88135593220339, "percent_statements_covered_display": "23"}, "missing_lines": [42, 45, 46, 49, 50, 51, 52, 53, 54, 55, 58, 59, 60, 66, 67, 70, 71, 73, 74, 75, 92, 93, 95, 96, 97, 98, 99, 115, 117, 118, 119, 132, 133, 135, 136, 137, 138, 139, 155, 157, 158, 159, 172, 173, 175, 176, 177, 178, 179, 189, 190, 193, 195, 196, 199, 201, 203, 206, 207, 208, 209, 211, 217, 218, 219, 220, 223, 224, 225, 227, 229, 230, 231, 243, 244, 245, 246, 247, 248, 249, 250, 251, 252, 253, 254, 267, 269, 270, 271, 281, 282, 284, 285, 286, 287, 288, 294, 300, 301, 303, 304, 305, 306, 307, 310, 311, 312, 313, 316, 317, 319, 321, 322, 324, 326, 328, 329, 345, 347, 348, 351, 352, 353, 356, 357, 358, 359, 360, 361, 364, 365, 368, 369, 376, 377, 383, 384, 386, 387, 388, 390, 391, 392, 393, 394, 395, 396, 399, 400, 402, 403, 404, 406, 407, 408, 409, 411, 420, 421, 422, 424, 427, 428, 429, 430, 432, 433, 434, 435, 436, 437, 439, 440, 441, 442, 445, 446, 447, 449, 450, 451, 452, 453, 454, 456, 457, 460, 461, 463, 464, 465, 466, 467, 468, 470, 471, 472, 475, 476, 478, 481, 482, 485, 488, 489, 490, 492, 495, 496, 497, 498, 502, 503, 508, 509, 513, 514, 515, 517, 518, 519, 521, 522, 523, 524, 525, 533, 535, 536, 537, 540, 541, 542, 543, 545, 546, 549, 550, 551, 554, 555, 558, 564, 565, 567, 570, 572, 573, 574, 575, 576, 577, 578, 579, 581, 582, 585, 586, 589, 590, 591, 592, 594, 595, 596, 599, 610, 613, 614, 616, 617, 618, 626, 628, 629, 631, 633, 634, 635, 637, 639, 640, 641, 657, 659, 661, 662, 664, 665, 666, 667, 668, 669, 670, 672, 673, 674, 675, 676, 677, 679, 680, 681, 682, 683, 691, 693, 694, 695, 698, 701, 702, 704, 705, 706, 708, 709, 710, 711, 712, 713, 714, 715, 716, 717, 720, 721, 722, 723, 724, 725, 727, 730, 731, 732, 733, 734, 735, 736, 743, 744, 745, 747, 748, 750, 751, 752, 753, 754, 755, 756, 757, 758, 760, 761, 763, 764, 765, 766, 767, 769, 779, 780, 781, 787, 789, 791, 792, 793, 795, 797, 798, 800, 801, 802, 804, 805, 806, 807, 809, 810, 811, 813, 814, 815, 817, 818, 819, 829, 831, 832, 833, 836, 837, 838, 839, 840, 842, 843, 845, 846, 848, 849, 851, 852, 853, 854, 855, 859, 875, 877, 878, 879, 880, 882, 889, 890, 892, 893, 894, 907, 908, 910, 912, 913, 914, 915, 918, 927, 929, 930, 931, 932, 933, 934, 935, 937, 938, 940, 941, 942, 951, 952, 954, 956, 957, 958, 959, 960, 966, 979, 980, 982, 983, 985, 986, 987, 990, 991, 994, 995, 997, 998, 999, 1000, 1002, 1004, 1006, 1013, 1014, 1016, 1019, 1020, 1021, 1022, 1023, 1024, 1025, 1026, 1027, 1029, 1039, 1041, 1043, 1044, 1045, 1046, 1047, 1057, 1059, 1061, 1062, 1063, 1064, 1065, 1073, 1074, 1075, 1076, 1077, 1078, 1087, 1088, 1089, 1090, 1091, 1092, 1093, 1094, 1095, 1104, 1105, 1107, 1108, 1110, 1111, 1112, 1115, 1116, 1119, 1120, 1122, 1123, 1124, 1126, 1127, 1129, 1130, 1131, 1132, 1133, 1135, 1136, 1137, 1138, 1139, 1140, 1141, 1151, 1152, 1154, 1155, 1156, 1157, 1158, 1174, 1176, 1177, 1178, 1180, 1181, 1183, 1184, 1185, 1187, 1188, 1189, 1198, 1200, 1201, 1202, 1204, 1206, 1207, 1208, 1210, 1212, 1213, 1214, 1216, 1217, 1219, 1220, 1221, 1232, 1234, 1235, 1236, 1238, 1240, 1241, 1242, 1244, 1246, 1247, 1249, 1250, 1251, 1252, 1254, 1255, 1256, 1257, 1258, 1259, 1261, 1263, 1264, 1265, 1266, 1267, 1268, 1270, 1271, 1272, 1283, 1286, 1287, 1290, 1291, 1292, 1293, 1294, 1295, 1296, 1297, 1298, 1299, 1300, 1301, 1302, 1303, 1304, 1305, 1306, 1319, 1320, 1322, 1323, 1324, 1325, 1326, 1327, 1330, 1332, 1334, 1341], "excluded_lines": [], "start_line": 1}}}, "src/mintd/config.py": {"executed_lines": [3, 4, 5, 6, 8, 9, 10, 16, 17, 20, 30, 31, 32, 34, 35, 38, 39, 41, 42, 44, 50, 60, 61, 62, 65, 66, 67, 69, 70, 72, 78, 85, 86, 91, 92, 95, 101, 104, 105, 106, 107, 117, 123, 125, 127, 128, 129, 130, 137, 147, 150, 151, 153, 184, 401, 407, 410, 411, 412, 414, 415, 416, 417, 420, 421, 422, 423, 425, 428, 439, 441, 442, 443, 446, 447, 448, 451, 452, 453, 456, 459, 469, 471, 472, 475, 476, 477, 479], "summary": {"covered_lines": 88, "num_statements": 204, "percent_covered": 43.13725490196079, "percent_covered_display": "43", "missing_lines": 116, "excluded_lines": 0, "percent_statements_covered": 43.13725490196079, "percent_statements_covered_display": "43"}, "missing_lines": [11, 12, 102, 108, 110, 111, 112, 113, 114, 131, 133, 134, 194, 195, 196, 198, 200, 201, 203, 206, 207, 210, 215, 218, 222, 225, 229, 232, 236, 239, 243, 246, 250, 253, 254, 256, 260, 262, 266, 269, 270, 272, 274, 276, 277, 280, 282, 283, 284, 286, 287, 289, 291, 292, 293, 295, 297, 302, 303, 304, 306, 307, 308, 309, 310, 311, 312, 314, 315, 317, 318, 321, 322, 323, 326, 331, 332, 333, 334, 335, 337, 340, 341, 343, 344, 345, 348, 353, 354, 358, 359, 361, 362, 364, 368, 369, 372, 373, 376, 377, 379, 380, 381, 383, 384, 385, 386, 387, 388, 391, 392, 393, 394, 395, 396, 398], "excluded_lines": [], "functions": {"get_storage_credentials": {"executed_lines": [30, 31, 32, 34, 35, 38, 39, 41, 42, 44], "summary": {"covered_lines": 10, "num_statements": 10, "percent_covered": 100.0, "percent_covered_display": "100", "missing_lines": 0, "excluded_lines": 0, "percent_statements_covered": 100.0, "percent_statements_covered_display": "100"}, "missing_lines": [], "excluded_lines": [], "start_line": 20}, "get_registry_url": {"executed_lines": [60, 61, 62, 65, 66, 67, 69, 70, 72], "summary": {"covered_lines": 9, "num_statements": 9, "percent_covered": 100.0, "percent_covered_display": "100", "missing_lines": 0, "excluded_lines": 0, "percent_statements_covered": 100.0, "percent_statements_covered_display": "100"}, "missing_lines": [], "excluded_lines": [], "start_line": 50}, "set_storage_credentials": {"executed_lines": [85, 86, 91, 92], "summary": {"covered_lines": 4, "num_statements": 4, "percent_covered": 100.0, "percent_covered_display": "100", "missing_lines": 0, "excluded_lines": 0, "percent_statements_covered": 100.0, "percent_statements_covered_display": "100"}, "missing_lines": [], "excluded_lines": [], "start_line": 78}, "get_config": {"executed_lines": [101, 104, 105, 106, 107], "summary": {"covered_lines": 5, "num_statements": 12, "percent_covered": 41.666666666666664, "percent_covered_display": "42", "missing_lines": 7, "excluded_lines": 0, "percent_statements_covered": 41.666666666666664, "percent_statements_covered_display": "42"}, "missing_lines": [102, 108, 110, 111, 112, 113, 114], "excluded_lines": [], "start_line": 95}, "save_config": {"executed_lines": [123, 125, 127, 128, 129, 130], "summary": {"covered_lines": 6, "num_statements": 9, "percent_covered": 66.66666666666667, "percent_covered_display": "67", "missing_lines": 3, "excluded_lines": 0, "percent_statements_covered": 66.66666666666667, "percent_statements_covered_display": "67"}, "missing_lines": [131, 133, 134], "excluded_lines": [], "start_line": 117}, "_get_default_config": {"executed_lines": [147, 150, 151, 153], "summary": {"covered_lines": 4, "num_statements": 4, "percent_covered": 100.0, "percent_covered_display": "100", "missing_lines": 0, "excluded_lines": 0, "percent_statements_covered": 100.0, "percent_statements_covered_display": "100"}, "missing_lines": [], "excluded_lines": [], "start_line": 137}, "init_config": {"executed_lines": [], "summary": {"covered_lines": 0, "num_statements": 104, "percent_covered": 0.0, "percent_covered_display": "0", "missing_lines": 104, "excluded_lines": 0, "percent_statements_covered": 0.0, "percent_statements_covered_display": "0"}, "missing_lines": [194, 195, 196, 198, 200, 201, 203, 206, 207, 210, 215, 218, 222, 225, 229, 232, 236, 239, 243, 246, 250, 253, 254, 256, 260, 262, 266, 269, 270, 272, 274, 276, 277, 280, 282, 283, 284, 286, 287, 289, 291, 292, 293, 295, 297, 302, 303, 304, 306, 307, 308, 309, 310, 311, 312, 314, 315, 317, 318, 321, 322, 323, 326, 331, 332, 333, 334, 335, 337, 340, 341, 343, 344, 345, 348, 353, 354, 358, 359, 361, 362, 364, 368, 369, 372, 373, 376, 377, 379, 380, 381, 383, 384, 385, 386, 387, 388, 391, 392, 393, 394, 395, 396, 398], "excluded_lines": [], "start_line": 184}, "validate_config": {"executed_lines": [407, 410, 411, 412, 414, 415, 416, 417, 420, 421, 422, 423, 425], "summary": {"covered_lines": 13, "num_statements": 13, "percent_covered": 100.0, "percent_covered_display": "100", "missing_lines": 0, "excluded_lines": 0, "percent_statements_covered": 100.0, "percent_statements_covered_display": "100"}, "missing_lines": [], "excluded_lines": [], "start_line": 401}, "get_stata_executable": {"executed_lines": [439, 441, 442, 443, 446, 447, 448, 451, 452, 453, 456], "summary": {"covered_lines": 11, "num_statements": 11, "percent_covered": 100.0, "percent_covered_display": "100", "missing_lines": 0, "excluded_lines": 0, "percent_statements_covered": 100.0, "percent_statements_covered_display": "100"}, "missing_lines": [], "excluded_lines": [], "start_line": 428}, "get_platform_info": {"executed_lines": [469, 471, 472, 475, 476, 477, 479], "summary": {"covered_lines": 7, "num_statements": 7, "percent_covered": 100.0, "percent_covered_display": "100", "missing_lines": 0, "excluded_lines": 0, "percent_statements_covered": 100.0, "percent_statements_covered_display": "100"}, "missing_lines": [], "excluded_lines": [], "start_line": 459}, "": {"executed_lines": [3, 4, 5, 6, 8, 9, 10, 16, 17, 20, 50, 78, 95, 117, 137, 184, 401, 428, 459], "summary": {"covered_lines": 19, "num_statements": 21, "percent_covered": 90.47619047619048, "percent_covered_display": "90", "missing_lines": 2, "excluded_lines": 0, "percent_statements_covered": 90.47619047619048, "percent_statements_covered_display": "90"}, "missing_lines": [11, 12], "excluded_lines": [], "start_line": 1}}, "classes": {"": {"executed_lines": [3, 4, 5, 6, 8, 9, 10, 16, 17, 20, 30, 31, 32, 34, 35, 38, 39, 41, 42, 44, 50, 60, 61, 62, 65, 66, 67, 69, 70, 72, 78, 85, 86, 91, 92, 95, 101, 104, 105, 106, 107, 117, 123, 125, 127, 128, 129, 130, 137, 147, 150, 151, 153, 184, 401, 407, 410, 411, 412, 414, 415, 416, 417, 420, 421, 422, 423, 425, 428, 439, 441, 442, 443, 446, 447, 448, 451, 452, 453, 456, 459, 469, 471, 472, 475, 476, 477, 479], "summary": {"covered_lines": 88, "num_statements": 204, "percent_covered": 43.13725490196079, "percent_covered_display": "43", "missing_lines": 116, "excluded_lines": 0, "percent_statements_covered": 43.13725490196079, "percent_statements_covered_display": "43"}, "missing_lines": [11, 12, 102, 108, 110, 111, 112, 113, 114, 131, 133, 134, 194, 195, 196, 198, 200, 201, 203, 206, 207, 210, 215, 218, 222, 225, 229, 232, 236, 239, 243, 246, 250, 253, 254, 256, 260, 262, 266, 269, 270, 272, 274, 276, 277, 280, 282, 283, 284, 286, 287, 289, 291, 292, 293, 295, 297, 302, 303, 304, 306, 307, 308, 309, 310, 311, 312, 314, 315, 317, 318, 321, 322, 323, 326, 331, 332, 333, 334, 335, 337, 340, 341, 343, 344, 345, 348, 353, 354, 358, 359, 361, 362, 364, 368, 369, 372, 373, 376, 377, 379, 380, 381, 383, 384, 385, 386, 387, 388, 391, 392, 393, 394, 395, 396, 398], "excluded_lines": [], "start_line": 1}}}, "src/mintd/data_import.py": {"executed_lines": [7, 8, 9, 10, 11, 12, 13, 14, 16, 17, 19, 21, 24, 25, 27, 28, 29, 30, 31, 32, 35, 42, 43, 44, 45, 46, 47, 49, 51, 52, 54, 61, 62, 64, 66, 69, 70, 71, 73, 74, 75, 79, 81, 82, 84, 86, 88, 90, 92, 96, 108, 110, 119, 121, 124, 126, 129, 131, 134, 136, 139, 151, 152, 153, 154, 155, 158, 167, 169, 170, 174, 175, 176, 178, 179, 184, 185, 188, 211, 212, 216, 218, 221, 222, 232, 234, 239, 241, 242, 243, 246, 261, 263, 265, 266, 269, 270, 272, 275, 287, 288, 289, 290, 292, 293, 295, 297, 300, 303, 304, 310, 334, 336, 338, 341, 342, 345, 347, 351, 353, 354, 355, 364, 365, 368, 371, 372, 382, 385, 386, 387, 388, 390, 391, 392, 395, 396, 397, 402, 404, 405, 406, 407, 410, 429, 431, 432, 435, 438, 439, 443, 445, 448, 449, 452, 453, 454, 457, 459, 462, 464, 465, 468, 470, 471, 477, 484, 491, 492, 495, 496, 497, 499, 503, 504, 506, 507, 508, 509, 510, 511, 518, 519, 520, 522, 523, 525, 526, 527, 528], "summary": {"covered_lines": 190, "num_statements": 231, "percent_covered": 82.25108225108225, "percent_covered_display": "82", "missing_lines": 41, "excluded_lines": 0, "percent_statements_covered": 82.25108225108225, "percent_statements_covered_display": "82"}, "missing_lines": [67, 76, 77, 94, 98, 100, 101, 102, 103, 104, 106, 214, 219, 237, 271, 306, 307, 346, 349, 358, 359, 361, 366, 398, 399, 436, 458, 460, 466, 473, 474, 479, 480, 481, 493, 500, 501, 513, 514, 530, 531], "excluded_lines": [], "functions": {"ImportTransaction.__init__": {"executed_lines": [43, 44, 45, 46, 47], "summary": {"covered_lines": 5, "num_statements": 5, "percent_covered": 100.0, "percent_covered_display": "100", "missing_lines": 0, "excluded_lines": 0, "percent_statements_covered": 100.0, "percent_statements_covered_display": "100"}, "missing_lines": [], "excluded_lines": [], "start_line": 42}, "ImportTransaction.save_state": {"executed_lines": [51, 52, 54, 61, 62], "summary": {"covered_lines": 5, "num_statements": 5, "percent_covered": 100.0, "percent_covered_display": "100", "missing_lines": 0, "excluded_lines": 0, "percent_statements_covered": 100.0, "percent_statements_covered_display": "100"}, "missing_lines": [], "excluded_lines": [], "start_line": 49}, "ImportTransaction.load_state": {"executed_lines": [66, 69, 70, 71, 73, 74, 75], "summary": {"covered_lines": 7, "num_statements": 10, "percent_covered": 70.0, "percent_covered_display": "70", "missing_lines": 3, "excluded_lines": 0, "percent_statements_covered": 70.0, "percent_statements_covered_display": "70"}, "missing_lines": [67, 76, 77], "excluded_lines": [], "start_line": 64}, "ImportTransaction.cleanup_state": {"executed_lines": [81, 82], "summary": {"covered_lines": 2, "num_statements": 2, "percent_covered": 100.0, "percent_covered_display": "100", "missing_lines": 0, "excluded_lines": 0, "percent_statements_covered": 100.0, "percent_statements_covered_display": "100"}, "missing_lines": [], "excluded_lines": [], "start_line": 79}, "ImportTransaction.add_success": {"executed_lines": [86], "summary": {"covered_lines": 1, "num_statements": 1, "percent_covered": 100.0, "percent_covered_display": "100", "missing_lines": 0, "excluded_lines": 0, "percent_statements_covered": 100.0, "percent_statements_covered_display": "100"}, "missing_lines": [], "excluded_lines": [], "start_line": 84}, "ImportTransaction.add_failure": {"executed_lines": [90], "summary": {"covered_lines": 1, "num_statements": 1, "percent_covered": 100.0, "percent_covered_display": "100", "missing_lines": 0, "excluded_lines": 0, "percent_statements_covered": 100.0, "percent_statements_covered_display": "100"}, "missing_lines": [], "excluded_lines": [], "start_line": 88}, "ImportTransaction.add_rollback_action": {"executed_lines": [], "summary": {"covered_lines": 0, "num_statements": 1, "percent_covered": 0.0, "percent_covered_display": "0", "missing_lines": 1, "excluded_lines": 0, "percent_statements_covered": 0.0, "percent_statements_covered_display": "0"}, "missing_lines": [94], "excluded_lines": [], "start_line": 92}, "ImportTransaction.rollback": {"executed_lines": [], "summary": {"covered_lines": 0, "num_statements": 7, "percent_covered": 0.0, "percent_covered_display": "0", "missing_lines": 7, "excluded_lines": 0, "percent_statements_covered": 0.0, "percent_statements_covered_display": "0"}, "missing_lines": [98, 100, 101, 102, 103, 104, 106], "excluded_lines": [], "start_line": 96}, "ImportTransaction.get_summary": {"executed_lines": [110], "summary": {"covered_lines": 1, "num_statements": 1, "percent_covered": 100.0, "percent_covered_display": "100", "missing_lines": 0, "excluded_lines": 0, "percent_statements_covered": 100.0, "percent_statements_covered_display": "100"}, "missing_lines": [], "excluded_lines": [], "start_line": 108}, "query_data_product": {"executed_lines": [151, 152, 153, 154, 155], "summary": {"covered_lines": 5, "num_statements": 5, "percent_covered": 100.0, "percent_covered_display": "100", "missing_lines": 0, "excluded_lines": 0, "percent_statements_covered": 100.0, "percent_statements_covered_display": "100"}, "missing_lines": [], "excluded_lines": [], "start_line": 139}, "validate_project_directory": {"executed_lines": [167, 169, 170, 174, 175, 176, 178, 179, 184, 185], "summary": {"covered_lines": 10, "num_statements": 10, "percent_covered": 100.0, "percent_covered_display": "100", "missing_lines": 0, "excluded_lines": 0, "percent_statements_covered": 100.0, "percent_statements_covered_display": "100"}, "missing_lines": [], "excluded_lines": [], "start_line": 158}, "run_dvc_import": {"executed_lines": [211, 212, 216, 218, 221, 222, 232, 234, 239, 241, 242, 243], "summary": {"covered_lines": 12, "num_statements": 15, "percent_covered": 80.0, "percent_covered_display": "80", "missing_lines": 3, "excluded_lines": 0, "percent_statements_covered": 80.0, "percent_statements_covered_display": "80"}, "missing_lines": [214, 219, 237], "excluded_lines": [], "start_line": 188}, "update_project_metadata": {"executed_lines": [261, 263, 265, 266, 269, 270, 272, 275, 287, 288, 289, 290, 292, 293, 295, 297, 300, 303, 304], "summary": {"covered_lines": 19, "num_statements": 22, "percent_covered": 86.36363636363636, "percent_covered_display": "86", "missing_lines": 3, "excluded_lines": 0, "percent_statements_covered": 86.36363636363636, "percent_statements_covered_display": "86"}, "missing_lines": [271, 306, 307], "excluded_lines": [], "start_line": 246}, "import_data_product": {"executed_lines": [334, 336, 338, 341, 342, 345, 347, 351, 353, 354, 355, 364, 365, 368, 371, 372, 382, 385, 386, 387, 388, 390, 391, 392, 395, 396, 397, 402, 404, 405, 406, 407], "summary": {"covered_lines": 32, "num_statements": 40, "percent_covered": 80.0, "percent_covered_display": "80", "missing_lines": 8, "excluded_lines": 0, "percent_statements_covered": 80.0, "percent_statements_covered_display": "80"}, "missing_lines": [346, 349, 358, 359, 361, 366, 398, 399], "excluded_lines": [], "start_line": 310}, "pull_data_product": {"executed_lines": [429, 431, 432, 435, 438, 439, 443, 445, 448, 449, 452, 453, 454, 457, 459, 462, 464, 465, 468, 470, 471, 477], "summary": {"covered_lines": 22, "num_statements": 31, "percent_covered": 70.96774193548387, "percent_covered_display": "71", "missing_lines": 9, "excluded_lines": 0, "percent_statements_covered": 70.96774193548387, "percent_statements_covered_display": "71"}, "missing_lines": [436, 458, 460, 466, 473, 474, 479, 480, 481], "excluded_lines": [], "start_line": 410}, "list_data_products": {"executed_lines": [491, 492, 495, 496, 497, 499, 503, 504, 506, 507, 508, 509, 510, 511, 518, 519, 520, 522, 523, 525, 526, 527, 528], "summary": {"covered_lines": 23, "num_statements": 30, "percent_covered": 76.66666666666667, "percent_covered_display": "77", "missing_lines": 7, "excluded_lines": 0, "percent_statements_covered": 76.66666666666667, "percent_statements_covered_display": "77"}, "missing_lines": [493, 500, 501, 513, 514, 530, 531], "excluded_lines": [], "start_line": 484}, "": {"executed_lines": [7, 8, 9, 10, 11, 12, 13, 14, 16, 17, 19, 21, 24, 25, 27, 28, 29, 30, 31, 32, 35, 42, 49, 64, 79, 84, 88, 92, 96, 108, 119, 121, 124, 126, 129, 131, 134, 136, 139, 158, 188, 246, 310, 410, 484], "summary": {"covered_lines": 45, "num_statements": 45, "percent_covered": 100.0, "percent_covered_display": "100", "missing_lines": 0, "excluded_lines": 0, "percent_statements_covered": 100.0, "percent_statements_covered_display": "100"}, "missing_lines": [], "excluded_lines": [], "start_line": 1}}, "classes": {"ImportResult": {"executed_lines": [], "summary": {"covered_lines": 0, "num_statements": 0, "percent_covered": 100.0, "percent_covered_display": "100", "missing_lines": 0, "excluded_lines": 0, "percent_statements_covered": 100.0, "percent_statements_covered_display": "100"}, "missing_lines": [], "excluded_lines": [], "start_line": 25}, "ImportTransaction": {"executed_lines": [43, 44, 45, 46, 47, 51, 52, 54, 61, 62, 66, 69, 70, 71, 73, 74, 75, 81, 82, 86, 90, 110], "summary": {"covered_lines": 22, "num_statements": 33, "percent_covered": 66.66666666666667, "percent_covered_display": "67", "missing_lines": 11, "excluded_lines": 0, "percent_statements_covered": 66.66666666666667, "percent_statements_covered_display": "67"}, "missing_lines": [67, 76, 77, 94, 98, 100, 101, 102, 103, 104, 106], "excluded_lines": [], "start_line": 35}, "DataImportError": {"executed_lines": [], "summary": {"covered_lines": 0, "num_statements": 0, "percent_covered": 100.0, "percent_covered_display": "100", "missing_lines": 0, "excluded_lines": 0, "percent_statements_covered": 100.0, "percent_statements_covered_display": "100"}, "missing_lines": [], "excluded_lines": [], "start_line": 119}, "RegistryError": {"executed_lines": [], "summary": {"covered_lines": 0, "num_statements": 0, "percent_covered": 100.0, "percent_covered_display": "100", "missing_lines": 0, "excluded_lines": 0, "percent_statements_covered": 100.0, "percent_statements_covered_display": "100"}, "missing_lines": [], "excluded_lines": [], "start_line": 124}, "DVCImportError": {"executed_lines": [], "summary": {"covered_lines": 0, "num_statements": 0, "percent_covered": 100.0, "percent_covered_display": "100", "missing_lines": 0, "excluded_lines": 0, "percent_statements_covered": 100.0, "percent_statements_covered_display": "100"}, "missing_lines": [], "excluded_lines": [], "start_line": 129}, "MetadataUpdateError": {"executed_lines": [], "summary": {"covered_lines": 0, "num_statements": 0, "percent_covered": 100.0, "percent_covered_display": "100", "missing_lines": 0, "excluded_lines": 0, "percent_statements_covered": 100.0, "percent_statements_covered_display": "100"}, "missing_lines": [], "excluded_lines": [], "start_line": 134}, "": {"executed_lines": [7, 8, 9, 10, 11, 12, 13, 14, 16, 17, 19, 21, 24, 25, 27, 28, 29, 30, 31, 32, 35, 42, 49, 64, 79, 84, 88, 92, 96, 108, 119, 121, 124, 126, 129, 131, 134, 136, 139, 151, 152, 153, 154, 155, 158, 167, 169, 170, 174, 175, 176, 178, 179, 184, 185, 188, 211, 212, 216, 218, 221, 222, 232, 234, 239, 241, 242, 243, 246, 261, 263, 265, 266, 269, 270, 272, 275, 287, 288, 289, 290, 292, 293, 295, 297, 300, 303, 304, 310, 334, 336, 338, 341, 342, 345, 347, 351, 353, 354, 355, 364, 365, 368, 371, 372, 382, 385, 386, 387, 388, 390, 391, 392, 395, 396, 397, 402, 404, 405, 406, 407, 410, 429, 431, 432, 435, 438, 439, 443, 445, 448, 449, 452, 453, 454, 457, 459, 462, 464, 465, 468, 470, 471, 477, 484, 491, 492, 495, 496, 497, 499, 503, 504, 506, 507, 508, 509, 510, 511, 518, 519, 520, 522, 523, 525, 526, 527, 528], "summary": {"covered_lines": 168, "num_statements": 198, "percent_covered": 84.84848484848484, "percent_covered_display": "85", "missing_lines": 30, "excluded_lines": 0, "percent_statements_covered": 84.84848484848484, "percent_statements_covered_display": "85"}, "missing_lines": [214, 219, 237, 271, 306, 307, 346, 349, 358, 359, 361, 366, 398, 399, 436, 458, 460, 466, 473, 474, 479, 480, 481, 493, 500, 501, 513, 514, 530, 531], "excluded_lines": [], "start_line": 1}}}, "src/mintd/enclave_commands.py": {"executed_lines": [], "summary": {"covered_lines": 0, "num_statements": 286, "percent_covered": 0.0, "percent_covered_display": "0", "missing_lines": 286, "excluded_lines": 0, "percent_statements_covered": 0.0, "percent_statements_covered_display": "0"}, "missing_lines": [8, 9, 10, 11, 12, 13, 14, 16, 17, 19, 21, 23, 24, 26, 29, 30, 31, 33, 40, 42, 43, 44, 45, 46, 47, 49, 51, 54, 55, 57, 58, 59, 60, 61, 62, 65, 66, 67, 73, 74, 75, 76, 80, 81, 82, 85, 86, 90, 91, 93, 95, 97, 99, 100, 102, 103, 105, 107, 109, 110, 112, 113, 114, 115, 116, 117, 118, 119, 121, 123, 125, 126, 128, 130, 131, 132, 133, 135, 137, 139, 141, 142, 144, 145, 146, 147, 148, 149, 150, 152, 153, 154, 155, 156, 157, 159, 161, 163, 164, 165, 167, 168, 170, 171, 172, 173, 175, 176, 177, 178, 179, 180, 181, 184, 185, 187, 189, 190, 191, 193, 194, 196, 197, 199, 201, 202, 204, 207, 208, 209, 210, 213, 216, 217, 218, 219, 220, 221, 222, 223, 225, 226, 234, 235, 237, 239, 241, 242, 243, 245, 246, 247, 250, 251, 252, 253, 254, 255, 256, 258, 259, 262, 263, 264, 266, 267, 269, 270, 271, 274, 281, 283, 284, 285, 286, 288, 289, 290, 292, 293, 294, 300, 303, 304, 305, 306, 308, 309, 311, 313, 314, 316, 318, 320, 321, 323, 324, 326, 327, 329, 331, 332, 334, 335, 336, 337, 339, 341, 342, 343, 344, 345, 347, 348, 350, 355, 356, 357, 359, 360, 362, 363, 364, 365, 366, 369, 370, 372, 374, 376, 377, 378, 379, 380, 381, 384, 386, 387, 388, 389, 390, 391, 392, 393, 394, 395, 404, 405, 407, 410, 411, 412, 414, 417, 418, 419, 420, 421, 422, 424, 425, 429, 431, 432, 433, 435, 436, 438, 440, 441, 442, 445, 446, 447, 450, 456, 457, 458, 459, 460, 463, 464, 465, 470, 471, 473], "excluded_lines": [], "functions": {"get_repo_info": {"executed_lines": [], "summary": {"covered_lines": 0, "num_statements": 8, "percent_covered": 0.0, "percent_covered_display": "0", "missing_lines": 8, "excluded_lines": 0, "percent_statements_covered": 0.0, "percent_statements_covered_display": "0"}, "missing_lines": [21, 23, 24, 26, 29, 30, 31, 33], "excluded_lines": [], "start_line": 19}, "convert_to_ssh_url": {"executed_lines": [], "summary": {"covered_lines": 0, "num_statements": 6, "percent_covered": 0.0, "percent_covered_display": "0", "missing_lines": 6, "excluded_lines": 0, "percent_statements_covered": 0.0, "percent_statements_covered_display": "0"}, "missing_lines": [42, 43, 44, 45, 46, 47], "excluded_lines": [], "start_line": 40}, "configure_dvc_remote": {"executed_lines": [], "summary": {"covered_lines": 0, "num_statements": 23, "percent_covered": 0.0, "percent_covered_display": "0", "missing_lines": 23, "excluded_lines": 0, "percent_statements_covered": 0.0, "percent_statements_covered_display": "0"}, "missing_lines": [51, 54, 55, 57, 58, 59, 60, 61, 62, 65, 66, 67, 73, 74, 75, 76, 80, 81, 82, 85, 86, 90, 91], "excluded_lines": [], "start_line": 49}, "pull_dvc_data": {"executed_lines": [], "summary": {"covered_lines": 0, "num_statements": 7, "percent_covered": 0.0, "percent_covered_display": "0", "missing_lines": 7, "excluded_lines": 0, "percent_statements_covered": 0.0, "percent_statements_covered_display": "0"}, "missing_lines": [95, 97, 99, 100, 102, 103, 105], "excluded_lines": [], "start_line": 93}, "get_dvc_hash": {"executed_lines": [], "summary": {"covered_lines": 0, "num_statements": 11, "percent_covered": 0.0, "percent_covered_display": "0", "missing_lines": 11, "excluded_lines": 0, "percent_statements_covered": 0.0, "percent_statements_covered_display": "0"}, "missing_lines": [109, 110, 112, 113, 114, 115, 116, 117, 118, 119, 121], "excluded_lines": [], "start_line": 107}, "clone_or_update_repo": {"executed_lines": [], "summary": {"covered_lines": 0, "num_statements": 9, "percent_covered": 0.0, "percent_covered_display": "0", "missing_lines": 9, "excluded_lines": 0, "percent_statements_covered": 0.0, "percent_statements_covered_display": "0"}, "missing_lines": [125, 126, 128, 130, 131, 132, 133, 135, 137], "excluded_lines": [], "start_line": 123}, "copy_to_downloads": {"executed_lines": [], "summary": {"covered_lines": 0, "num_statements": 16, "percent_covered": 0.0, "percent_covered_display": "0", "missing_lines": 16, "excluded_lines": 0, "percent_statements_covered": 0.0, "percent_statements_covered_display": "0"}, "missing_lines": [141, 142, 144, 145, 146, 147, 148, 149, 150, 152, 153, 154, 155, 156, 157, 159], "excluded_lines": [], "start_line": 139}, "pull_enclave_data": {"executed_lines": [], "summary": {"covered_lines": 0, "num_statements": 48, "percent_covered": 0.0, "percent_covered_display": "0", "missing_lines": 48, "excluded_lines": 0, "percent_statements_covered": 0.0, "percent_statements_covered_display": "0"}, "missing_lines": [163, 164, 165, 167, 168, 170, 171, 172, 173, 175, 176, 177, 178, 179, 180, 181, 184, 185, 187, 189, 190, 191, 193, 194, 196, 197, 199, 201, 202, 204, 207, 208, 209, 210, 213, 216, 217, 218, 219, 220, 221, 222, 223, 225, 226, 234, 235, 237], "excluded_lines": [], "start_line": 161}, "package_transfer": {"executed_lines": [], "summary": {"covered_lines": 0, "num_statements": 42, "percent_covered": 0.0, "percent_covered_display": "0", "missing_lines": 42, "excluded_lines": 0, "percent_statements_covered": 0.0, "percent_statements_covered_display": "0"}, "missing_lines": [241, 242, 243, 245, 246, 247, 250, 251, 252, 253, 254, 255, 256, 258, 259, 262, 263, 264, 266, 267, 269, 270, 271, 274, 281, 283, 284, 285, 286, 288, 289, 290, 292, 293, 294, 300, 303, 304, 305, 306, 308, 309], "excluded_lines": [], "start_line": 239}, "unpack_transfer": {"executed_lines": [], "summary": {"covered_lines": 0, "num_statements": 10, "percent_covered": 0.0, "percent_covered_display": "0", "missing_lines": 10, "excluded_lines": 0, "percent_statements_covered": 0.0, "percent_statements_covered_display": "0"}, "missing_lines": [313, 314, 316, 318, 320, 321, 323, 324, 326, 327], "excluded_lines": [], "start_line": 311}, "verify_transfer": {"executed_lines": [], "summary": {"covered_lines": 0, "num_statements": 52, "percent_covered": 0.0, "percent_covered_display": "0", "missing_lines": 52, "excluded_lines": 0, "percent_statements_covered": 0.0, "percent_statements_covered_display": "0"}, "missing_lines": [331, 332, 334, 335, 336, 337, 339, 341, 342, 343, 344, 345, 347, 348, 350, 355, 356, 357, 359, 360, 362, 363, 364, 365, 366, 369, 370, 372, 374, 376, 377, 378, 379, 380, 381, 384, 386, 387, 388, 389, 390, 391, 392, 393, 394, 395, 404, 405, 407, 410, 411, 412], "excluded_lines": [], "start_line": 329}, "clean_enclave": {"executed_lines": [], "summary": {"covered_lines": 0, "num_statements": 33, "percent_covered": 0.0, "percent_covered_display": "0", "missing_lines": 33, "excluded_lines": 0, "percent_statements_covered": 0.0, "percent_statements_covered_display": "0"}, "missing_lines": [417, 418, 419, 420, 421, 422, 424, 425, 429, 431, 432, 433, 435, 436, 438, 440, 441, 442, 445, 446, 447, 450, 456, 457, 458, 459, 460, 463, 464, 465, 470, 471, 473], "excluded_lines": [], "start_line": 414}, "": {"executed_lines": [], "summary": {"covered_lines": 0, "num_statements": 21, "percent_covered": 0.0, "percent_covered_display": "0", "missing_lines": 21, "excluded_lines": 0, "percent_statements_covered": 0.0, "percent_statements_covered_display": "0"}, "missing_lines": [8, 9, 10, 11, 12, 13, 14, 16, 17, 19, 40, 49, 93, 107, 123, 139, 161, 239, 311, 329, 414], "excluded_lines": [], "start_line": 1}}, "classes": {"": {"executed_lines": [], "summary": {"covered_lines": 0, "num_statements": 286, "percent_covered": 0.0, "percent_covered_display": "0", "missing_lines": 286, "excluded_lines": 0, "percent_statements_covered": 0.0, "percent_statements_covered_display": "0"}, "missing_lines": [8, 9, 10, 11, 12, 13, 14, 16, 17, 19, 21, 23, 24, 26, 29, 30, 31, 33, 40, 42, 43, 44, 45, 46, 47, 49, 51, 54, 55, 57, 58, 59, 60, 61, 62, 65, 66, 67, 73, 74, 75, 76, 80, 81, 82, 85, 86, 90, 91, 93, 95, 97, 99, 100, 102, 103, 105, 107, 109, 110, 112, 113, 114, 115, 116, 117, 118, 119, 121, 123, 125, 126, 128, 130, 131, 132, 133, 135, 137, 139, 141, 142, 144, 145, 146, 147, 148, 149, 150, 152, 153, 154, 155, 156, 157, 159, 161, 163, 164, 165, 167, 168, 170, 171, 172, 173, 175, 176, 177, 178, 179, 180, 181, 184, 185, 187, 189, 190, 191, 193, 194, 196, 197, 199, 201, 202, 204, 207, 208, 209, 210, 213, 216, 217, 218, 219, 220, 221, 222, 223, 225, 226, 234, 235, 237, 239, 241, 242, 243, 245, 246, 247, 250, 251, 252, 253, 254, 255, 256, 258, 259, 262, 263, 264, 266, 267, 269, 270, 271, 274, 281, 283, 284, 285, 286, 288, 289, 290, 292, 293, 294, 300, 303, 304, 305, 306, 308, 309, 311, 313, 314, 316, 318, 320, 321, 323, 324, 326, 327, 329, 331, 332, 334, 335, 336, 337, 339, 341, 342, 343, 344, 345, 347, 348, 350, 355, 356, 357, 359, 360, 362, 363, 364, 365, 366, 369, 370, 372, 374, 376, 377, 378, 379, 380, 381, 384, 386, 387, 388, 389, 390, 391, 392, 393, 394, 395, 404, 405, 407, 410, 411, 412, 414, 417, 418, 419, 420, 421, 422, 424, 425, 429, 431, 432, 433, 435, 436, 438, 440, 441, 442, 445, 446, 447, 450, 456, 457, 458, 459, 460, 463, 464, 465, 470, 471, 473], "excluded_lines": [], "start_line": 1}}}, "src/mintd/files/__init__.py.j2": {"executed_lines": [], "summary": {"covered_lines": 0, "num_statements": 0, "percent_covered": 100.0, "percent_covered_display": "100", "missing_lines": 0, "excluded_lines": 0, "percent_statements_covered": 100.0, "percent_statements_covered_display": "100"}, "missing_lines": [], "excluded_lines": [], "functions": {"": {"executed_lines": [], "summary": {"covered_lines": 0, "num_statements": 0, "percent_covered": 100.0, "percent_covered_display": "100", "missing_lines": 0, "excluded_lines": 0, "percent_statements_covered": 100.0, "percent_statements_covered_display": "100"}, "missing_lines": [], "excluded_lines": [], "start_line": 1}}, "classes": {"": {"executed_lines": [], "summary": {"covered_lines": 0, "num_statements": 0, "percent_covered": 100.0, "percent_covered_display": "100", "missing_lines": 0, "excluded_lines": 0, "percent_statements_covered": 100.0, "percent_statements_covered_display": "100"}, "missing_lines": [], "excluded_lines": [], "start_line": 1}}}, "src/mintd/files/_mintd_utils.py.j2": {"executed_lines": [10, 11, 12, 13, 14, 16, 17], "summary": {"covered_lines": 7, "num_statements": 140, "percent_covered": 5.0, "percent_covered_display": "5", "missing_lines": 133, "excluded_lines": 0, "percent_statements_covered": 5.0, "percent_statements_covered_display": "5"}, "missing_lines": [15, 23, 24, 25, 26, 27, 29, 35, 43, 55, 57, 59, 60, 62, 64, 66, 67, 68, 69, 70, 71, 73, 81, 84, 90, 91, 92, 95, 96, 99, 100, 101, 102, 105, 106, 107, 108, 109, 110, 111, 112, 113, 116, 117, 119, 120, 121, 123, 124, 125, 128, 129, 131, 132, 134, 137, 138, 141, 142, 145, 146, 149, 152, 154, 157, 158, 159, 160, 161, 162, 163, 165, 172, 173, 174, 175, 176, 177, 178, 179, 180, 181, 183, 185, 186, 188, 189, 190, 191, 194, 195, 196, 199, 209, 211, 213, 214, 215, 216, 217, 218, 220, 223, 231, 233, 234, 235, 236, 237, 238, 239, 240, 241, 243, 246, 248, 257, 258, 265, 268, 269, 270, 271, 273, 275, 276, 279, 289, 290, 292, 293, 294, 296], "excluded_lines": [], "functions": {"get_data_paths": {"executed_lines": [], "summary": {"covered_lines": 0, "num_statements": 1, "percent_covered": 0.0, "percent_covered_display": "0", "missing_lines": 1, "excluded_lines": 0, "percent_statements_covered": 0.0, "percent_statements_covered_display": "0"}, "missing_lines": [35], "excluded_lines": [], "start_line": 29}, "setup_project_directory": {"executed_lines": [], "summary": {"covered_lines": 0, "num_statements": 13, "percent_covered": 0.0, "percent_covered_display": "0", "missing_lines": 13, "excluded_lines": 0, "percent_statements_covered": 0.0, "percent_statements_covered_display": "0"}, "missing_lines": [55, 57, 59, 60, 62, 64, 66, 67, 68, 69, 70, 71, 73], "excluded_lines": [], "start_line": 43}, "ParameterAwareLogger.__init__": {"executed_lines": [], "summary": {"covered_lines": 0, "num_statements": 47, "percent_covered": 0.0, "percent_covered_display": "0", "missing_lines": 47, "excluded_lines": 0, "percent_statements_covered": 0.0, "percent_statements_covered_display": "0"}, "missing_lines": [90, 91, 92, 95, 96, 99, 100, 101, 102, 105, 106, 107, 108, 109, 110, 111, 112, 113, 116, 117, 119, 120, 121, 123, 124, 125, 128, 129, 131, 132, 134, 137, 138, 141, 142, 145, 146, 149, 152, 154, 157, 158, 159, 160, 161, 162, 163], "excluded_lines": [], "start_line": 84}, "ParameterAwareLogger.log": {"executed_lines": [], "summary": {"covered_lines": 0, "num_statements": 10, "percent_covered": 0.0, "percent_covered_display": "0", "missing_lines": 10, "excluded_lines": 0, "percent_statements_covered": 0.0, "percent_statements_covered_display": "0"}, "missing_lines": [172, 173, 174, 175, 176, 177, 178, 179, 180, 181], "excluded_lines": [], "start_line": 165}, "ParameterAwareLogger.close": {"executed_lines": [], "summary": {"covered_lines": 0, "num_statements": 9, "percent_covered": 0.0, "percent_covered_display": "0", "missing_lines": 9, "excluded_lines": 0, "percent_statements_covered": 0.0, "percent_statements_covered_display": "0"}, "missing_lines": [185, 186, 188, 189, 190, 191, 194, 195, 196], "excluded_lines": [], "start_line": 183}, "generate_data_schema": {"executed_lines": [], "summary": {"covered_lines": 0, "num_statements": 33, "percent_covered": 0.0, "percent_covered_display": "0", "missing_lines": 33, "excluded_lines": 0, "percent_statements_covered": 0.0, "percent_statements_covered_display": "0"}, "missing_lines": [209, 211, 213, 214, 215, 216, 217, 218, 220, 223, 231, 233, 234, 235, 236, 237, 238, 239, 240, 241, 243, 246, 248, 257, 258, 265, 268, 269, 270, 271, 273, 275, 276], "excluded_lines": [], "start_line": 199}, "find_data_files": {"executed_lines": [], "summary": {"covered_lines": 0, "num_statements": 6, "percent_covered": 0.0, "percent_covered_display": "0", "missing_lines": 6, "excluded_lines": 0, "percent_statements_covered": 0.0, "percent_statements_covered_display": "0"}, "missing_lines": [289, 290, 292, 293, 294, 296], "excluded_lines": [], "start_line": 279}, "": {"executed_lines": [10, 11, 12, 13, 14, 16, 17], "summary": {"covered_lines": 7, "num_statements": 21, "percent_covered": 33.333333333333336, "percent_covered_display": "33", "missing_lines": 14, "excluded_lines": 0, "percent_statements_covered": 33.333333333333336, "percent_statements_covered_display": "33"}, "missing_lines": [15, 23, 24, 25, 26, 27, 29, 43, 81, 84, 165, 183, 199, 279], "excluded_lines": [], "start_line": 1}}, "classes": {"ParameterAwareLogger": {"executed_lines": [], "summary": {"covered_lines": 0, "num_statements": 66, "percent_covered": 0.0, "percent_covered_display": "0", "missing_lines": 66, "excluded_lines": 0, "percent_statements_covered": 0.0, "percent_statements_covered_display": "0"}, "missing_lines": [90, 91, 92, 95, 96, 99, 100, 101, 102, 105, 106, 107, 108, 109, 110, 111, 112, 113, 116, 117, 119, 120, 121, 123, 124, 125, 128, 129, 131, 132, 134, 137, 138, 141, 142, 145, 146, 149, 152, 154, 157, 158, 159, 160, 161, 162, 163, 172, 173, 174, 175, 176, 177, 178, 179, 180, 181, 185, 186, 188, 189, 190, 191, 194, 195, 196], "excluded_lines": [], "start_line": 81}, "": {"executed_lines": [10, 11, 12, 13, 14, 16, 17], "summary": {"covered_lines": 7, "num_statements": 74, "percent_covered": 9.45945945945946, "percent_covered_display": "9", "missing_lines": 67, "excluded_lines": 0, "percent_statements_covered": 9.45945945945946, "percent_statements_covered_display": "9"}, "missing_lines": [15, 23, 24, 25, 26, 27, 29, 35, 43, 55, 57, 59, 60, 62, 64, 66, 67, 68, 69, 70, 71, 73, 81, 84, 165, 183, 199, 209, 211, 213, 214, 215, 216, 217, 218, 220, 223, 231, 233, 234, 235, 236, 237, 238, 239, 240, 241, 243, 246, 248, 257, 258, 265, 268, 269, 270, 271, 273, 275, 276, 279, 289, 290, 292, 293, 294, 296], "excluded_lines": [], "start_line": 1}}}, "src/mintd/files/clean.py.j2": {"executed_lines": [6, 7, 8, 11], "summary": {"covered_lines": 4, "num_statements": 49, "percent_covered": 8.16326530612245, "percent_covered_display": "8", "missing_lines": 45, "excluded_lines": 0, "percent_statements_covered": 8.16326530612245, "percent_statements_covered_display": "8"}, "missing_lines": [21, 36, 39, 40, 41, 42, 45, 46, 47, 49, 50, 51, 54, 55, 56, 57, 58, 60, 61, 64, 67, 68, 71, 72, 73, 74, 76, 77, 78, 81, 83, 84, 86, 88, 89, 92, 93, 96, 99, 100, 101, 103, 104, 107, 108], "excluded_lines": [], "functions": {"clean_dataset": {"executed_lines": [], "summary": {"covered_lines": 0, "num_statements": 18, "percent_covered": 0.0, "percent_covered_display": "0", "missing_lines": 18, "excluded_lines": 0, "percent_statements_covered": 0.0, "percent_statements_covered_display": "0"}, "missing_lines": [36, 39, 40, 41, 42, 45, 46, 47, 49, 50, 51, 54, 55, 56, 57, 58, 60, 61], "excluded_lines": [], "start_line": 21}, "main": {"executed_lines": [], "summary": {"covered_lines": 0, "num_statements": 23, "percent_covered": 0.0, "percent_covered_display": "0", "missing_lines": 23, "excluded_lines": 0, "percent_statements_covered": 0.0, "percent_statements_covered_display": "0"}, "missing_lines": [67, 68, 71, 72, 73, 74, 76, 77, 78, 81, 83, 84, 86, 88, 89, 92, 93, 96, 99, 100, 101, 103, 104], "excluded_lines": [], "start_line": 64}, "": {"executed_lines": [6, 7, 8, 11], "summary": {"covered_lines": 4, "num_statements": 8, "percent_covered": 50.0, "percent_covered_display": "50", "missing_lines": 4, "excluded_lines": 0, "percent_statements_covered": 50.0, "percent_statements_covered_display": "50"}, "missing_lines": [21, 64, 107, 108], "excluded_lines": [], "start_line": 1}}, "classes": {"": {"executed_lines": [6, 7, 8, 11], "summary": {"covered_lines": 4, "num_statements": 49, "percent_covered": 8.16326530612245, "percent_covered_display": "8", "missing_lines": 45, "excluded_lines": 0, "percent_statements_covered": 8.16326530612245, "percent_statements_covered_display": "8"}, "missing_lines": [21, 36, 39, 40, 41, 42, 45, 46, 47, 49, 50, 51, 54, 55, 56, 57, 58, 60, 61, 64, 67, 68, 71, 72, 73, 74, 76, 77, 78, 81, 83, 84, 86, 88, 89, 92, 93, 96, 99, 100, 101, 103, 104, 107, 108], "excluded_lines": [], "start_line": 1}}}, "src/mintd/files/download.py.j2": {"executed_lines": [7, 8, 9, 10, 11, 12, 13, 14, 16], "summary": {"covered_lines": 9, "num_statements": 292, "percent_covered": 3.0821917808219177, "percent_covered_display": "3", "missing_lines": 283, "excluded_lines": 0, "percent_statements_covered": 3.0821917808219177, "percent_statements_covered_display": "3"}, "missing_lines": [15, 23, 24, 31, 33, 34, 36, 37, 40, 42, 43, 46, 49, 51, 53, 54, 56, 59, 60, 61, 63, 71, 73, 75, 77, 78, 79, 80, 83, 85, 86, 89, 91, 93, 95, 96, 99, 101, 104, 106, 107, 111, 113, 114, 115, 116, 117, 118, 123, 124, 125, 126, 127, 128, 130, 133, 140, 141, 144, 145, 146, 147, 148, 150, 152, 154, 156, 157, 158, 161, 162, 163, 164, 165, 168, 169, 170, 171, 172, 173, 174, 175, 177, 179, 180, 181, 184, 185, 188, 189, 191, 194, 205, 208, 209, 211, 212, 213, 214, 215, 216, 219, 220, 221, 225, 229, 233, 234, 235, 239, 242, 243, 244, 245, 246, 247, 248, 249, 250, 251, 255, 256, 257, 259, 260, 261, 264, 266, 267, 272, 273, 274, 275, 276, 277, 278, 281, 284, 285, 287, 288, 291, 292, 293, 294, 296, 297, 301, 303, 304, 307, 318, 321, 323, 324, 327, 329, 331, 334, 336, 337, 340, 342, 343, 344, 345, 346, 349, 351, 354, 357, 369, 371, 374, 375, 376, 377, 378, 379, 381, 382, 384, 385, 387, 389, 390, 391, 394, 397, 400, 401, 402, 403, 406, 409, 410, 413, 415, 416, 417, 419, 421, 422, 424, 425, 426, 429, 431, 432, 434, 435, 436, 438, 439, 441, 442, 444, 445, 447, 449, 450, 451, 452, 455, 456, 457, 458, 459, 461, 462, 463, 464, 465, 466, 467, 470, 471, 474, 475, 476, 477, 478, 479, 482, 483, 484, 485, 486, 489, 492, 493, 496, 498, 499, 500, 502, 504, 505, 507, 509, 510, 511, 512, 513, 514, 521, 523, 525, 526, 527, 528, 530, 532, 533, 534, 535, 536, 538, 539, 540, 541, 544, 545], "excluded_lines": [], "functions": {"load_manifest": {"executed_lines": [], "summary": {"covered_lines": 0, "num_statements": 4, "percent_covered": 0.0, "percent_covered_display": "0", "missing_lines": 4, "excluded_lines": 0, "percent_statements_covered": 0.0, "percent_statements_covered_display": "0"}, "missing_lines": [33, 34, 36, 37], "excluded_lines": [], "start_line": 31}, "save_manifest": {"executed_lines": [], "summary": {"covered_lines": 0, "num_statements": 2, "percent_covered": 0.0, "percent_covered_display": "0", "missing_lines": 2, "excluded_lines": 0, "percent_statements_covered": 0.0, "percent_statements_covered_display": "0"}, "missing_lines": [42, 43], "excluded_lines": [], "start_line": 40}, "get_repo_info": {"executed_lines": [], "summary": {"covered_lines": 0, "num_statements": 9, "percent_covered": 0.0, "percent_covered_display": "0", "missing_lines": 9, "excluded_lines": 0, "percent_statements_covered": 0.0, "percent_statements_covered_display": "0"}, "missing_lines": [49, 51, 53, 54, 56, 59, 60, 61, 63], "excluded_lines": [], "start_line": 46}, "convert_to_ssh_url": {"executed_lines": [], "summary": {"covered_lines": 0, "num_statements": 6, "percent_covered": 0.0, "percent_covered_display": "0", "missing_lines": 6, "excluded_lines": 0, "percent_statements_covered": 0.0, "percent_statements_covered_display": "0"}, "missing_lines": [73, 75, 77, 78, 79, 80], "excluded_lines": [], "start_line": 71}, "clone_or_update_repo": {"executed_lines": [], "summary": {"covered_lines": 0, "num_statements": 9, "percent_covered": 0.0, "percent_covered_display": "0", "missing_lines": 9, "excluded_lines": 0, "percent_statements_covered": 0.0, "percent_statements_covered_display": "0"}, "missing_lines": [85, 86, 89, 91, 93, 95, 96, 99, 101], "excluded_lines": [], "start_line": 83}, "copy_to_downloads": {"executed_lines": [], "summary": {"covered_lines": 0, "num_statements": 16, "percent_covered": 0.0, "percent_covered_display": "0", "missing_lines": 16, "excluded_lines": 0, "percent_statements_covered": 0.0, "percent_statements_covered_display": "0"}, "missing_lines": [106, 107, 111, 113, 114, 115, 116, 117, 118, 123, 124, 125, 126, 127, 128, 130], "excluded_lines": [], "start_line": 104}, "get_dvc_hash": {"executed_lines": [], "summary": {"covered_lines": 0, "num_statements": 35, "percent_covered": 0.0, "percent_covered_display": "0", "missing_lines": 35, "excluded_lines": 0, "percent_statements_covered": 0.0, "percent_statements_covered_display": "0"}, "missing_lines": [140, 141, 144, 145, 146, 147, 148, 150, 152, 154, 156, 157, 158, 161, 162, 163, 164, 165, 168, 169, 170, 171, 172, 173, 174, 175, 177, 179, 180, 181, 184, 185, 188, 189, 191], "excluded_lines": [], "start_line": 133}, "configure_dvc_remote": {"executed_lines": [], "summary": {"covered_lines": 0, "num_statements": 58, "percent_covered": 0.0, "percent_covered_display": "0", "missing_lines": 58, "excluded_lines": 0, "percent_statements_covered": 0.0, "percent_statements_covered_display": "0"}, "missing_lines": [205, 208, 209, 211, 212, 213, 214, 215, 216, 219, 220, 221, 225, 229, 233, 234, 235, 239, 242, 243, 244, 245, 246, 247, 248, 249, 250, 251, 255, 256, 257, 259, 260, 261, 264, 266, 267, 272, 273, 274, 275, 276, 277, 278, 281, 284, 285, 287, 288, 291, 292, 293, 294, 296, 297, 301, 303, 304], "excluded_lines": [], "start_line": 194}, "pull_dvc_data": {"executed_lines": [], "summary": {"covered_lines": 0, "num_statements": 10, "percent_covered": 0.0, "percent_covered_display": "0", "missing_lines": 10, "excluded_lines": 0, "percent_statements_covered": 0.0, "percent_statements_covered_display": "0"}, "missing_lines": [318, 321, 323, 324, 327, 329, 331, 334, 336, 337], "excluded_lines": [], "start_line": 307}, "check_duplicate_version": {"executed_lines": [], "summary": {"covered_lines": 0, "num_statements": 5, "percent_covered": 0.0, "percent_covered_display": "0", "missing_lines": 5, "excluded_lines": 0, "percent_statements_covered": 0.0, "percent_statements_covered_display": "0"}, "missing_lines": [342, 343, 344, 345, 346], "excluded_lines": [], "start_line": 340}, "add_to_downloaded": {"executed_lines": [], "summary": {"covered_lines": 0, "num_statements": 3, "percent_covered": 0.0, "percent_covered_display": "0", "missing_lines": 3, "excluded_lines": 0, "percent_statements_covered": 0.0, "percent_statements_covered_display": "0"}, "missing_lines": [351, 354, 357], "excluded_lines": [], "start_line": 349}, "pull_single_repo": {"executed_lines": [], "summary": {"covered_lines": 0, "num_statements": 34, "percent_covered": 0.0, "percent_covered_display": "0", "missing_lines": 34, "excluded_lines": 0, "percent_statements_covered": 0.0, "percent_statements_covered_display": "0"}, "missing_lines": [371, 374, 375, 376, 377, 378, 379, 381, 382, 384, 385, 387, 389, 390, 391, 394, 397, 400, 401, 402, 403, 406, 409, 410, 413, 415, 416, 417, 419, 421, 422, 424, 425, 426], "excluded_lines": [], "start_line": 369}, "pull_all_repos": {"executed_lines": [], "summary": {"covered_lines": 0, "num_statements": 58, "percent_covered": 0.0, "percent_covered_display": "0", "missing_lines": 58, "excluded_lines": 0, "percent_statements_covered": 0.0, "percent_statements_covered_display": "0"}, "missing_lines": [431, 432, 434, 435, 436, 438, 439, 441, 442, 444, 445, 447, 449, 450, 451, 452, 455, 456, 457, 458, 459, 461, 462, 463, 464, 465, 466, 467, 470, 471, 474, 475, 476, 477, 478, 479, 482, 483, 484, 485, 486, 489, 492, 493, 496, 498, 499, 500, 502, 504, 505, 507, 509, 510, 511, 512, 513, 514], "excluded_lines": [], "start_line": 429}, "main": {"executed_lines": [], "summary": {"covered_lines": 0, "num_statements": 15, "percent_covered": 0.0, "percent_covered_display": "0", "missing_lines": 15, "excluded_lines": 0, "percent_statements_covered": 0.0, "percent_statements_covered_display": "0"}, "missing_lines": [523, 525, 526, 527, 528, 530, 532, 533, 534, 535, 536, 538, 539, 540, 541], "excluded_lines": [], "start_line": 521}, "": {"executed_lines": [7, 8, 9, 10, 11, 12, 13, 14, 16], "summary": {"covered_lines": 9, "num_statements": 28, "percent_covered": 32.142857142857146, "percent_covered_display": "32", "missing_lines": 19, "excluded_lines": 0, "percent_statements_covered": 32.142857142857146, "percent_statements_covered_display": "32"}, "missing_lines": [15, 23, 24, 31, 40, 46, 71, 83, 104, 133, 194, 307, 340, 349, 369, 429, 521, 544, 545], "excluded_lines": [], "start_line": 1}}, "classes": {"": {"executed_lines": [7, 8, 9, 10, 11, 12, 13, 14, 16], "summary": {"covered_lines": 9, "num_statements": 292, "percent_covered": 3.0821917808219177, "percent_
[...]
0.0, "percent_covered_display": "0", "missing_lines": 1, "excluded_lines": 0, "percent_statements_covered": 0.0, "percent_statements_covered_display": "0"}, "missing_lines": [44], "excluded_lines": [], "start_line": 42}, "LanguageStrategy.get_infra_files": {"executed_lines": [], "summary": {"covered_lines": 0, "num_statements": 1, "percent_covered": 0.0, "percent_covered_display": "0", "missing_lines": 1, "excluded_lines": 0, "percent_statements_covered": 0.0, "percent_statements_covered_display": "0"}, "missing_lines": [48], "excluded_lines": [], "start_line": 46}, "PythonStrategy.get_system_requirements": {"executed_lines": [], "summary": {"covered_lines": 0, "num_statements": 1, "percent_covered": 0.0, "percent_covered_display": "0", "missing_lines": 1, "excluded_lines": 0, "percent_statements_covered": 0.0, "percent_statements_covered_display": "0"}, "missing_lines": [58], "excluded_lines": [], "start_line": 57}, "PythonStrategy.get_project_structure": {"executed_lines": [61], "summary": {"covered_lines": 1, "num_statements": 1, "percent_covered": 100.0, "percent_covered_display": "100", "missing_lines": 0, "excluded_lines": 0, "percent_statements_covered": 100.0, "percent_statements_covered_display": "100"}, "missing_lines": [], "excluded_lines": [], "start_line": 60}, "PythonStrategy.get_project_files": {"executed_lines": [70], "summary": {"covered_lines": 1, "num_statements": 1, "percent_covered": 100.0, "percent_covered_display": "100", "missing_lines": 0, "excluded_lines": 0, "percent_statements_covered": 100.0, "percent_statements_covered_display": "100"}, "missing_lines": [], "excluded_lines": [], "start_line": 69}, "PythonStrategy.get_data_structure": {"executed_lines": [76], "summary": {"covered_lines": 1, "num_statements": 1, "percent_covered": 100.0, "percent_covered_display": "100", "missing_lines": 0, "excluded_lines": 0, "percent_statements_covered": 100.0, "percent_statements_covered_display": "100"}, "missing_lines": [], "excluded_lines": [], "start_line": 75}, "PythonStrategy.get_data_files": {"executed_lines": [87], "summary": {"covered_lines": 1, "num_statements": 1, "percent_covered": 100.0, "percent_covered_display": "100", "missing_lines": 0, "excluded_lines": 0, "percent_statements_covered": 100.0, "percent_statements_covered_display": "100"}, "missing_lines": [], "excluded_lines": [], "start_line": 86}, "PythonStrategy.get_infra_structure": {"executed_lines": [96], "summary": {"covered_lines": 1, "num_statements": 1, "percent_covered": 100.0, "percent_covered_display": "100", "missing_lines": 0, "excluded_lines": 0, "percent_statements_covered": 100.0, "percent_statements_covered_display": "100"}, "missing_lines": [], "excluded_lines": [], "start_line": 95}, "PythonStrategy.get_infra_files": {"executed_lines": [109], "summary": {"covered_lines": 1, "num_statements": 1, "percent_covered": 100.0, "percent_covered_display": "100", "missing_lines": 0, "excluded_lines": 0, "percent_statements_covered": 100.0, "percent_statements_covered_display": "100"}, "missing_lines": [], "excluded_lines": [], "start_line": 108}, "RStrategy.get_system_requirements": {"executed_lines": [], "summary": {"covered_lines": 0, "num_statements": 1, "percent_covered": 0.0, "percent_covered_display": "0", "missing_lines": 1, "excluded_lines": 0, "percent_statements_covered": 0.0, "percent_statements_covered_display": "0"}, "missing_lines": [123], "excluded_lines": [], "start_line": 122}, "RStrategy.get_project_structure": {"executed_lines": [], "summary": {"covered_lines": 0, "num_statements": 1, "percent_covered": 0.0, "percent_covered_display": "0", "missing_lines": 1, "excluded_lines": 0, "percent_statements_covered": 0.0, "percent_statements_covered_display": "0"}, "missing_lines": [131], "excluded_lines": [], "start_line": 128}, "RStrategy.get_project_files": {"executed_lines": [], "summary": {"covered_lines": 0, "num_statements": 1, "percent_covered": 0.0, "percent_covered_display": "0", "missing_lines": 1, "excluded_lines": 0, "percent_statements_covered": 0.0, "percent_statements_covered_display": "0"}, "missing_lines": [138], "excluded_lines": [], "start_line": 137}, "RStrategy.get_data_structure": {"executed_lines": [], "summary": {"covered_lines": 0, "num_statements": 1, "percent_covered": 0.0, "percent_covered_display": "0", "missing_lines": 1, "excluded_lines": 0, "percent_statements_covered": 0.0, "percent_statements_covered_display": "0"}, "missing_lines": [146], "excluded_lines": [], "start_line": 145}, "RStrategy.get_data_files": {"executed_lines": [], "summary": {"covered_lines": 0, "num_statements": 1, "percent_covered": 0.0, "percent_covered_display": "0", "missing_lines": 1, "excluded_lines": 0, "percent_statements_covered": 0.0, "percent_statements_covered_display": "0"}, "missing_lines": [158], "excluded_lines": [], "start_line": 157}, "RStrategy.get_infra_structure": {"executed_lines": [], "summary": {"covered_lines": 0, "num_statements": 1, "percent_covered": 0.0, "percent_covered_display": "0", "missing_lines": 1, "excluded_lines": 0, "percent_statements_covered": 0.0, "percent_statements_covered_display": "0"}, "missing_lines": [171], "excluded_lines": [], "start_line": 167}, "RStrategy.get_infra_files": {"executed_lines": [], "summary": {"covered_lines": 0, "num_statements": 1, "percent_covered": 0.0, "percent_covered_display": "0", "missing_lines": 1, "excluded_lines": 0, "percent_statements_covered": 0.0, "percent_statements_covered_display": "0"}, "missing_lines": [180], "excluded_lines": [], "start_line": 179}, "StataStrategy.get_system_requirements": {"executed_lines": [], "summary": {"covered_lines": 0, "num_statements": 1, "percent_covered": 0.0, "percent_covered_display": "0", "missing_lines": 1, "excluded_lines": 0, "percent_statements_covered": 0.0, "percent_statements_covered_display": "0"}, "missing_lines": [194], "excluded_lines": [], "start_line": 193}, "StataStrategy.get_project_structure": {"executed_lines": [], "summary": {"covered_lines": 0, "num_statements": 1, "percent_covered": 0.0, "percent_covered_display": "0", "missing_lines": 1, "excluded_lines": 0, "percent_statements_covered": 0.0, "percent_statements_covered_display": "0"}, "missing_lines": [197], "excluded_lines": [], "start_line": 196}, "StataStrategy.get_project_files": {"executed_lines": [], "summary": {"covered_lines": 0, "num_statements": 1, "percent_covered": 0.0, "percent_covered_display": "0", "missing_lines": 1, "excluded_lines": 0, "percent_statements_covered": 0.0, "percent_statements_covered_display": "0"}, "missing_lines": [204], "excluded_lines": [], "start_line": 203}, "StataStrategy.get_data_structure": {"executed_lines": [], "summary": {"covered_lines": 0, "num_statements": 1, "percent_covered": 0.0, "percent_covered_display": "0", "missing_lines": 1, "excluded_lines": 0, "percent_statements_covered": 0.0, "percent_statements_covered_display": "0"}, "missing_lines": [207], "excluded_lines": [], "start_line": 206}, "StataStrategy.get_data_files": {"executed_lines": [], "summary": {"covered_lines": 0, "num_statements": 1, "percent_covered": 0.0, "percent_covered_display": "0", "missing_lines": 1, "excluded_lines": 0, "percent_statements_covered": 0.0, "percent_statements_covered_display": "0"}, "missing_lines": [217], "excluded_lines": [], "start_line": 216}, "StataStrategy.get_infra_structure": {"executed_lines": [], "summary": {"covered_lines": 0, "num_statements": 1, "percent_covered": 0.0, "percent_covered_display": "0", "missing_lines": 1, "excluded_lines": 0, "percent_statements_covered": 0.0, "percent_statements_covered_display": "0"}, "missing_lines": [225], "excluded_lines": [], "start_line": 224}, "StataStrategy.get_infra_files": {"executed_lines": [], "summary": {"covered_lines": 0, "num_statements": 1, "percent_covered": 0.0, "percent_covered_display": "0", "missing_lines": 1, "excluded_lines": 0, "percent_statements_covered": 0.0, "percent_statements_covered_display": "0"}, "missing_lines": [233], "excluded_lines": [], "start_line": 232}, "": {"executed_lines": [3, 4, 7, 10, 11, 12, 16, 17, 18, 22, 26, 30, 34, 38, 42, 46, 51, 54, 55, 57, 60, 69, 75, 86, 95, 108, 116, 119, 120, 122, 128, 137, 145, 157, 167, 179, 187, 190, 191, 193, 196, 203, 206, 216, 224, 232], "summary": {"covered_lines": 46, "num_statements": 46, "percent_covered": 100.0, "percent_covered_display": "100", "missing_lines": 0, "excluded_lines": 0, "percent_statements_covered": 100.0, "percent_statements_covered_display": "100"}, "missing_lines": [], "excluded_lines": [], "start_line": 1}}, "classes": {"LanguageStrategy": {"executed_lines": [], "summary": {"covered_lines": 0, "num_statements": 9, "percent_covered": 0.0, "percent_covered_display": "0", "missing_lines": 9, "excluded_lines": 0, "percent_statements_covered": 0.0, "percent_statements_covered_display": "0"}, "missing_lines": [14, 20, 24, 28, 32, 36, 40, 44, 48], "excluded_lines": [], "start_line": 7}, "PythonStrategy": {"executed_lines": [61, 70, 76, 87, 96, 109], "summary": {"covered_lines": 6, "num_statements": 7, "percent_covered": 85.71428571428571, "percent_covered_display": "86", "missing_lines": 1, "excluded_lines": 0, "percent_statements_covered": 85.71428571428571, "percent_statements_covered_display": "86"}, "missing_lines": [58], "excluded_lines": [], "start_line": 51}, "RStrategy": {"executed_lines": [], "summary": {"covered_lines": 0, "num_statements": 7, "percent_covered": 0.0, "percent_covered_display": "0", "missing_lines": 7, "excluded_lines": 0, "percent_statements_covered": 0.0, "percent_statements_covered_display": "0"}, "missing_lines": [123, 131, 138, 146, 158, 171, 180], "excluded_lines": [], "start_line": 116}, "StataStrategy": {"executed_lines": [], "summary": {"covered_lines": 0, "num_statements": 7, "percent_covered": 0.0, "percent_covered_display": "0", "missing_lines": 7, "excluded_lines": 0, "percent_statements_covered": 0.0, "percent_statements_covered_display": "0"}, "missing_lines": [194, 197, 204, 207, 217, 225, 233], "excluded_lines": [], "start_line": 187}, "": {"executed_lines": [3, 4, 7, 10, 11, 12, 16, 17, 18, 22, 26, 30, 34, 38, 42, 46, 51, 54, 55, 57, 60, 69, 75, 86, 95, 108, 116, 119, 120, 122, 128, 137, 145, 157, 167, 179, 187, 190, 191, 193, 196, 203, 206, 216, 224, 232], "summary": {"covered_lines": 46, "num_statements": 46, "percent_covered": 100.0, "percent_covered_display": "100", "missing_lines": 0, "excluded_lines": 0, "percent_statements_covered": 100.0, "percent_statements_covered_display": "100"}, "missing_lines": [], "excluded_lines": [], "start_line": 1}}}, "src/mintd/templates/project.py": {"executed_lines": [3, 5, 8, 11, 12, 14, 16, 63, 65], "summary": {"covered_lines": 9, "num_statements": 9, "percent_covered": 100.0, "percent_covered_display": "100", "missing_lines": 0, "excluded_lines": 0, "percent_statements_covered": 100.0, "percent_statements_covered_display": "100"}, "missing_lines": [], "excluded_lines": [], "functions": {"ProjectTemplate.define_structure": {"executed_lines": [16], "summary": {"covered_lines": 1, "num_statements": 1, "percent_covered": 100.0, "percent_covered_display": "100", "missing_lines": 0, "excluded_lines": 0, "percent_statements_covered": 100.0, "percent_statements_covered_display": "100"}, "missing_lines": [], "excluded_lines": [], "start_line": 14}, "ProjectTemplate.define_files": {"executed_lines": [65], "summary": {"covered_lines": 1, "num_statements": 1, "percent_covered": 100.0, "percent_covered_display": "100", "missing_lines": 0, "excluded_lines": 0, "percent_statements_covered": 100.0, "percent_statements_covered_display": "100"}, "missing_lines": [], "excluded_lines": [], "start_line": 63}, "": {"executed_lines": [3, 5, 8, 11, 12, 14, 63], "summary": {"covered_lines": 7, "num_statements": 7, "percent_covered": 100.0, "percent_covered_display": "100", "missing_lines": 0, "excluded_lines": 0, "percent_statements_covered": 100.0, "percent_statements_covered_display": "100"}, "missing_lines": [], "excluded_lines": [], "start_line": 1}}, "classes": {"ProjectTemplate": {"executed_lines": [16, 65], "summary": {"covered_lines": 2, "num_statements": 2, "percent_covered": 100.0, "percent_covered_display": "100", "missing_lines": 0, "excluded_lines": 0, "percent_statements_covered": 100.0, "percent_statements_covered_display": "100"}, "missing_lines": [], "excluded_lines": [], "start_line": 8}, "": {"executed_lines": [3, 5, 8, 11, 12, 14, 63], "summary": {"covered_lines": 7, "num_statements": 7, "percent_covered": 100.0, "percent_covered_display": "100", "missing_lines": 0, "excluded_lines": 0, "percent_statements_covered": 100.0, "percent_statements_covered_display": "100"}, "missing_lines": [], "excluded_lines": [], "start_line": 1}}}, "src/mintd/utils/__init__.py": {"executed_lines": [3, 4, 5, 6, 7, 10, 24, 26, 27, 28, 29, 32, 35, 53, 56, 58, 60, 61, 62, 68, 70, 75, 90, 91, 92, 95, 96, 97, 98, 100, 103, 109, 112, 118, 120, 121, 122, 124, 125, 131, 133, 134, 136, 137, 138, 139, 142, 143, 144, 147, 153, 155, 156, 171, 172, 191, 211, 227, 228, 230, 233, 242, 243, 244, 248, 249, 252, 262, 263, 264, 265, 266, 267, 269], "summary": {"covered_lines": 74, "num_statements": 77, "percent_covered": 96.1038961038961, "percent_covered_display": "96", "missing_lines": 3, "excluded_lines": 0, "percent_statements_covered": 96.1038961038961, "percent_statements_covered_display": "96"}, "missing_lines": [71, 72, 140], "excluded_lines": [], "functions": {"get_platform": {"executed_lines": [24, 26, 27, 28, 29, 32], "summary": {"covered_lines": 6, "num_statements": 6, "percent_covered": 100.0, "percent_covered_display": "100", "missing_lines": 0, "excluded_lines": 0, "percent_statements_covered": 100.0, "percent_statements_covered_display": "100"}, "missing_lines": [], "excluded_lines": [], "start_line": 10}, "detect_stata_executable": {"executed_lines": [53, 56, 58, 60, 61, 62, 68, 70, 75, 90, 91, 92, 95, 96, 97, 98, 100], "summary": {"covered_lines": 17, "num_statements": 19, "percent_covered": 89.47368421052632, "percent_covered_display": "89", "missing_lines": 2, "excluded_lines": 0, "percent_statements_covered": 89.47368421052632, "percent_statements_covered_display": "89"}, "missing_lines": [71, 72], "excluded_lines": [], "start_line": 35}, "detect_gh_cli": {"executed_lines": [109], "summary": {"covered_lines": 1, "num_statements": 1, "percent_covered": 100.0, "percent_covered_display": "100", "missing_lines": 0, "excluded_lines": 0, "percent_statements_covered": 100.0, "percent_statements_covered_display": "100"}, "missing_lines": [], "excluded_lines": [], "start_line": 103}, "check_gh_auth": {"executed_lines": [118, 120, 121, 122, 124, 125, 131, 133, 134, 136, 137, 138, 139, 142, 143, 144], "summary": {"covered_lines": 16, "num_statements": 17, "percent_covered": 94.11764705882354, "percent_covered_display": "94", "missing_lines": 1, "excluded_lines": 0, "percent_statements_covered": 94.11764705882354, "percent_statements_covered_display": "94"}, "missing_lines": [140], "excluded_lines": [], "start_line": 112}, "get_gh_install_instructions": {"executed_lines": [153, 155, 156, 171, 172, 191], "summary": {"covered_lines": 6, "num_statements": 6, "percent_covered": 100.0, "percent_covered_display": "100", "missing_lines": 0, "excluded_lines": 0, "percent_statements_covered": 100.0, "percent_statements_covered_display": "100"}, "missing_lines": [], "excluded_lines": [], "start_line": 147}, "get_command_separator": {"executed_lines": [227, 228, 230], "summary": {"covered_lines": 3, "num_statements": 3, "percent_covered": 100.0, "percent_covered_display": "100", "missing_lines": 0, "excluded_lines": 0, "percent_statements_covered": 100.0, "percent_statements_covered_display": "100"}, "missing_lines": [], "excluded_lines": [], "start_line": 211}, "validate_project_name": {"executed_lines": [242, 243, 244, 248, 249], "summary": {"covered_lines": 5, "num_statements": 5, "percent_covered": 100.0, "percent_covered_display": "100", "missing_lines": 0, "excluded_lines": 0, "percent_statements_covered": 100.0, "percent_statements_covered_display": "100"}, "missing_lines": [], "excluded_lines": [], "start_line": 233}, "format_project_name": {"executed_lines": [262, 263, 264, 265, 266, 267, 269], "summary": {"covered_lines": 7, "num_statements": 7, "percent_covered": 100.0, "percent_covered_display": "100", "missing_lines": 0, "excluded_lines": 0, "percent_statements_covered": 100.0, "percent_statements_covered_display": "100"}, "missing_lines": [], "excluded_lines": [], "start_line": 252}, "": {"executed_lines": [3, 4, 5, 6, 7, 10, 35, 103, 112, 147, 211, 233, 252], "summary": {"covered_lines": 13, "num_statements": 13, "percent_covered": 100.0, "percent_covered_display": "100", "missing_lines": 0, "excluded_lines": 0, "percent_statements_covered": 100.0, "percent_statements_covered_display": "100"}, "missing_lines": [], "excluded_lines": [], "start_line": 1}}, "classes": {"": {"executed_lines": [3, 4, 5, 6, 7, 10, 24, 26, 27, 28, 29, 32, 35, 53, 56, 58, 60, 61, 62, 68, 70, 75, 90, 91, 92, 95, 96, 97, 98, 100, 103, 109, 112, 118, 120, 121, 122, 124, 125, 131, 133, 134, 136, 137, 138, 139, 142, 143, 144, 147, 153, 155, 156, 171, 172, 191, 211, 227, 228, 230, 233, 242, 243, 244, 248, 249, 252, 262, 263, 264, 265, 266, 267, 269], "summary": {"covered_lines": 74, "num_statements": 77, "percent_covered": 96.1038961038961, "percent_covered_display": "96", "missing_lines": 3, "excluded_lines": 0, "percent_statements_covered": 96.1038961038961, "percent_statements_covered_display": "96"}, "missing_lines": [71, 72, 140], "excluded_lines": [], "start_line": 1}}}, "src/mintd/utils/loader.py": {"executed_lines": [3, 4, 5, 6, 7, 8, 10, 13, 20, 21, 22, 24, 27, 33, 34, 36, 37, 40, 42, 44, 45, 46, 48, 50, 51, 52, 53, 54, 57, 58, 63, 64, 66, 70, 71, 73], "summary": {"covered_lines": 36, "num_statements": 36, "percent_covered": 100.0, "percent_covered_display": "100", "missing_lines": 0, "excluded_lines": 0, "percent_statements_covered": 100.0, "percent_statements_covered_display": "100"}, "missing_lines": [], "excluded_lines": [], "functions": {"get_custom_template_dir": {"executed_lines": [20, 21, 22, 24], "summary": {"covered_lines": 4, "num_statements": 4, "percent_covered": 100.0, "percent_covered_display": "100", "missing_lines": 0, "excluded_lines": 0, "percent_statements_covered": 100.0, "percent_statements_covered_display": "100"}, "missing_lines": [], "excluded_lines": [], "start_line": 13}, "load_custom_templates": {"executed_lines": [33, 34, 36, 37, 40, 42, 44, 45, 46, 48, 50, 51, 52, 53, 54, 57, 58, 63, 64, 66, 70, 71, 73], "summary": {"covered_lines": 23, "num_statements": 23, "percent_covered": 100.0, "percent_covered_display": "100", "missing_lines": 0, "excluded_lines": 0, "percent_statements_covered": 100.0, "percent_statements_covered_display": "100"}, "missing_lines": [], "excluded_lines": [], "start_line": 27}, "": {"executed_lines": [3, 4, 5, 6, 7, 8, 10, 13, 27], "summary": {"covered_lines": 9, "num_statements": 9, "percent_covered": 100.0, "percent_covered_display": "100", "missing_lines": 0, "excluded_lines": 0, "percent_statements_covered": 100.0, "percent_statements_covered_display": "100"}, "missing_lines": [], "excluded_lines": [], "start_line": 1}}, "classes": {"": {"executed_lines": [3, 4, 5, 6, 7, 8, 10, 13, 20, 21, 22, 24, 27, 33, 34, 36, 37, 40, 42, 44, 45, 46, 48, 50, 51, 52, 53, 54, 57, 58, 63, 64, 66, 70, 71, 73], "summary": {"covered_lines": 36, "num_statements": 36, "percent_covered": 100.0, "percent_covered_display": "100", "missing_lines": 0, "excluded_lines": 0, "percent_statements_covered": 100.0, "percent_statements_covered_display": "100"}, "missing_lines": [], "excluded_lines": [], "start_line": 1}}}}, "totals": {"covered_lines": 1293, "num_statements": 3547, "percent_covered": 36.45334085142374, "percent_covered_display": "36", "missing_lines": 2254, "excluded_lines": 0, "percent_statements_covered": 36.45334085142374, "percent_statements_covered_display": "36"}}